3.6.9 |Anaconda, Inc.| (default, Jul 30 2019, 19:07:31) 
[GCC 7.3.0]
1.1.0
cuda:2
42115 4720
using pretrained model

Epoch 1/200
----------
train
	100/1755 loss:2.986
	200/1755 loss:2.743
	300/1755 loss:2.615
	400/1755 loss:2.538
	500/1755 loss:2.470
	600/1755 loss:2.416
	700/1755 loss:2.377
	800/1755 loss:2.350
	900/1755 loss:2.315
	1000/1755 loss:2.274
	1100/1755 loss:2.246
	1200/1755 loss:2.224
	1300/1755 loss:2.202
	1400/1755 loss:2.183
	1500/1755 loss:2.166
	1600/1755 loss:2.151
	1700/1755 loss:2.134
	loss: 2.124657
test
	100/197 loss:1.787
	loss: 1.948997

Epoch 2/200
----------
train
	100/1755 loss:1.837
	200/1755 loss:1.838
	300/1755 loss:1.867
	400/1755 loss:1.852
	500/1755 loss:1.856
	600/1755 loss:1.847
	700/1755 loss:1.838
	800/1755 loss:1.830
	900/1755 loss:1.819
	1000/1755 loss:1.815
	1100/1755 loss:1.809
	1200/1755 loss:1.805
	1300/1755 loss:1.801
	1400/1755 loss:1.800
	1500/1755 loss:1.796
	1600/1755 loss:1.793
	1700/1755 loss:1.789
	loss: 1.785768
test
	100/197 loss:1.878
	loss: 1.758033

Epoch 3/200
----------
train
	100/1755 loss:1.644
	200/1755 loss:1.658
	300/1755 loss:1.664
	400/1755 loss:1.675
	500/1755 loss:1.682
	600/1755 loss:1.687
	700/1755 loss:1.683
	800/1755 loss:1.689
	900/1755 loss:1.689
	1000/1755 loss:1.690
	1100/1755 loss:1.690
	1200/1755 loss:1.681
	1300/1755 loss:1.680
	1400/1755 loss:1.677
	1500/1755 loss:1.673
	1600/1755 loss:1.671
	1700/1755 loss:1.672
	loss: 1.669401
test
	100/197 loss:1.681
	loss: 1.619378

Epoch 4/200
----------
train
	100/1755 loss:1.580
	200/1755 loss:1.553
	300/1755 loss:1.564
	400/1755 loss:1.586
	500/1755 loss:1.574
	600/1755 loss:1.572
	700/1755 loss:1.565
	800/1755 loss:1.567
	900/1755 loss:1.563
	1000/1755 loss:1.566
	1100/1755 loss:1.570
	1200/1755 loss:1.574
	1300/1755 loss:1.574
	1400/1755 loss:1.573
	1500/1755 loss:1.572
	1600/1755 loss:1.569
	1700/1755 loss:1.570
	loss: 1.569015
test
	100/197 loss:1.702
	loss: 1.569935

Epoch 5/200
----------
train
	100/1755 loss:1.513
	200/1755 loss:1.514
	300/1755 loss:1.519
	400/1755 loss:1.523
	500/1755 loss:1.505
	600/1755 loss:1.492
	700/1755 loss:1.493
	800/1755 loss:1.497
	900/1755 loss:1.497
	1000/1755 loss:1.495
	1100/1755 loss:1.496
	1200/1755 loss:1.495
	1300/1755 loss:1.497
	1400/1755 loss:1.496
	1500/1755 loss:1.498
	1600/1755 loss:1.498
	1700/1755 loss:1.496
	loss: 1.493824
test
	100/197 loss:1.438
	loss: 1.416293

Epoch 6/200
----------
train
	100/1755 loss:1.468
	200/1755 loss:1.464
	300/1755 loss:1.457
	400/1755 loss:1.442
	500/1755 loss:1.446
	600/1755 loss:1.438
	700/1755 loss:1.437
	800/1755 loss:1.436
	900/1755 loss:1.436
	1000/1755 loss:1.434
	1100/1755 loss:1.435
	1200/1755 loss:1.428
	1300/1755 loss:1.433
	1400/1755 loss:1.435
	1500/1755 loss:1.435
	1600/1755 loss:1.435
	1700/1755 loss:1.438
	loss: 1.437454
test
	100/197 loss:1.534
	loss: 1.369143

Epoch 7/200
----------
train
	100/1755 loss:1.363
	200/1755 loss:1.370
	300/1755 loss:1.363
	400/1755 loss:1.371
	500/1755 loss:1.377
	600/1755 loss:1.382
	700/1755 loss:1.388
	800/1755 loss:1.398
	900/1755 loss:1.394
	1000/1755 loss:1.394
	1100/1755 loss:1.392
	1200/1755 loss:1.393
	1300/1755 loss:1.396
	1400/1755 loss:1.393
	1500/1755 loss:1.394
	1600/1755 loss:1.394
	1700/1755 loss:1.392
	loss: 1.390810
test
	100/197 loss:1.342
	loss: 1.318953

Epoch 8/200
----------
train
	100/1755 loss:1.341
	200/1755 loss:1.363
	300/1755 loss:1.345
	400/1755 loss:1.356
	500/1755 loss:1.354
	600/1755 loss:1.357
	700/1755 loss:1.353
	800/1755 loss:1.360
	900/1755 loss:1.353
	1000/1755 loss:1.354
	1100/1755 loss:1.359
	1200/1755 loss:1.361
	1300/1755 loss:1.366
	1400/1755 loss:1.368
	1500/1755 loss:1.368
	1600/1755 loss:1.365
	1700/1755 loss:1.361
	loss: 1.359888
test
	100/197 loss:1.288
	loss: 1.257660

Epoch 9/200
----------
train
	100/1755 loss:1.315
	200/1755 loss:1.305
	300/1755 loss:1.306
	400/1755 loss:1.317
	500/1755 loss:1.320
	600/1755 loss:1.318
	700/1755 loss:1.315
	800/1755 loss:1.315
	900/1755 loss:1.314
	1000/1755 loss:1.314
	1100/1755 loss:1.311
	1200/1755 loss:1.313
	1300/1755 loss:1.318
	1400/1755 loss:1.316
	1500/1755 loss:1.317
	1600/1755 loss:1.320
	1700/1755 loss:1.320
	loss: 1.320680
test
	100/197 loss:1.258
	loss: 1.209884

Epoch 10/200
----------
train
	100/1755 loss:1.301
	200/1755 loss:1.290
	300/1755 loss:1.277
	400/1755 loss:1.275
	500/1755 loss:1.271
	600/1755 loss:1.268
	700/1755 loss:1.274
	800/1755 loss:1.282
	900/1755 loss:1.286
	1000/1755 loss:1.288
	1100/1755 loss:1.291
	1200/1755 loss:1.292
	1300/1755 loss:1.293
	1400/1755 loss:1.293
	1500/1755 loss:1.292
	1600/1755 loss:1.294
	1700/1755 loss:1.295
	loss: 1.295451
test
	100/197 loss:1.362
	loss: 1.323606

Epoch 11/200
----------
train
	100/1755 loss:1.265
	200/1755 loss:1.263
	300/1755 loss:1.252
	400/1755 loss:1.254
	500/1755 loss:1.260
	600/1755 loss:1.260
	700/1755 loss:1.259
	800/1755 loss:1.262
	900/1755 loss:1.262
	1000/1755 loss:1.261
	1100/1755 loss:1.258
	1200/1755 loss:1.258
	1300/1755 loss:1.261
	1400/1755 loss:1.263
	1500/1755 loss:1.263
	1600/1755 loss:1.268
	1700/1755 loss:1.270
	loss: 1.269073
test
	100/197 loss:1.259
	loss: 1.255500

Epoch 12/200
----------
train
	100/1755 loss:1.201
	200/1755 loss:1.197
	300/1755 loss:1.215
	400/1755 loss:1.231
	500/1755 loss:1.243
	600/1755 loss:1.248
	700/1755 loss:1.246
	800/1755 loss:1.243
	900/1755 loss:1.245
	1000/1755 loss:1.244
	1100/1755 loss:1.245
	1200/1755 loss:1.244
	1300/1755 loss:1.244
	1400/1755 loss:1.248
	1500/1755 loss:1.251
	1600/1755 loss:1.253
	1700/1755 loss:1.251
	loss: 1.251453
test
	100/197 loss:1.465
	loss: 1.276984

Epoch 13/200
----------
train
	100/1755 loss:1.210
	200/1755 loss:1.239
	300/1755 loss:1.242
	400/1755 loss:1.224
	500/1755 loss:1.222
	600/1755 loss:1.219
	700/1755 loss:1.222
	800/1755 loss:1.219
	900/1755 loss:1.222
	1000/1755 loss:1.219
	1100/1755 loss:1.223
	1200/1755 loss:1.224
	1300/1755 loss:1.229
	1400/1755 loss:1.227
	1500/1755 loss:1.229
	1600/1755 loss:1.229
	1700/1755 loss:1.231
	loss: 1.231127
test
	100/197 loss:1.529
	loss: 1.362096

Epoch 14/200
----------
train
	100/1755 loss:1.164
	200/1755 loss:1.174
	300/1755 loss:1.188
	400/1755 loss:1.181
	500/1755 loss:1.181
	600/1755 loss:1.190
	700/1755 loss:1.194
	800/1755 loss:1.195
	900/1755 loss:1.199
	1000/1755 loss:1.202
	1100/1755 loss:1.201
	1200/1755 loss:1.203
	1300/1755 loss:1.201
	1400/1755 loss:1.201
	1500/1755 loss:1.207
	1600/1755 loss:1.207
	1700/1755 loss:1.209
	loss: 1.208523
test
	100/197 loss:1.528
	loss: 1.384025

Epoch 15/200
----------
train
	100/1755 loss:1.122
	200/1755 loss:1.140
	300/1755 loss:1.144
	400/1755 loss:1.154
	500/1755 loss:1.163
	600/1755 loss:1.167
	700/1755 loss:1.172
	800/1755 loss:1.169
	900/1755 loss:1.176
	1000/1755 loss:1.175
	1100/1755 loss:1.178
	1200/1755 loss:1.179
	1300/1755 loss:1.185
	1400/1755 loss:1.186
	1500/1755 loss:1.189
	1600/1755 loss:1.190
	1700/1755 loss:1.191
	loss: 1.194561
test
	100/197 loss:1.478
	loss: 1.416278

Epoch 16/200
----------
train
	100/1755 loss:1.182
	200/1755 loss:1.172
	300/1755 loss:1.166
	400/1755 loss:1.177
	500/1755 loss:1.167
	600/1755 loss:1.175
	700/1755 loss:1.175
	800/1755 loss:1.169
	900/1755 loss:1.169
	1000/1755 loss:1.166
	1100/1755 loss:1.171
	1200/1755 loss:1.172
	1300/1755 loss:1.174
	1400/1755 loss:1.174
	1500/1755 loss:1.173
	1600/1755 loss:1.171
	1700/1755 loss:1.177
	loss: 1.176181
test
	100/197 loss:1.348
	loss: 1.274612

Epoch 17/200
----------
train
	100/1755 loss:1.176
	200/1755 loss:1.162
	300/1755 loss:1.168
	400/1755 loss:1.159
	500/1755 loss:1.158
	600/1755 loss:1.160
	700/1755 loss:1.162
	800/1755 loss:1.161
	900/1755 loss:1.157
	1000/1755 loss:1.159
	1100/1755 loss:1.159
	1200/1755 loss:1.160
	1300/1755 loss:1.159
	1400/1755 loss:1.160
	1500/1755 loss:1.158
	1600/1755 loss:1.159
	1700/1755 loss:1.160
	loss: 1.158386
test
	100/197 loss:1.207
	loss: 1.175736

Epoch 18/200
----------
train
	100/1755 loss:1.079
	200/1755 loss:1.117
	300/1755 loss:1.128
	400/1755 loss:1.127
	500/1755 loss:1.126
	600/1755 loss:1.131
	700/1755 loss:1.130
	800/1755 loss:1.133
	900/1755 loss:1.136
	1000/1755 loss:1.139
	1100/1755 loss:1.138
	1200/1755 loss:1.136
	1300/1755 loss:1.141
	1400/1755 loss:1.138
	1500/1755 loss:1.139
	1600/1755 loss:1.139
	1700/1755 loss:1.142
	loss: 1.142652
test
	100/197 loss:1.195
	loss: 1.187082

Epoch 19/200
----------
train
	100/1755 loss:1.098
	200/1755 loss:1.103
	300/1755 loss:1.109
	400/1755 loss:1.109
	500/1755 loss:1.107
	600/1755 loss:1.111
	700/1755 loss:1.110
	800/1755 loss:1.113
	900/1755 loss:1.114
	1000/1755 loss:1.118
	1100/1755 loss:1.120
	1200/1755 loss:1.124
	1300/1755 loss:1.127
	1400/1755 loss:1.129
	1500/1755 loss:1.131
	1600/1755 loss:1.133
	1700/1755 loss:1.133
	loss: 1.133933
test
	100/197 loss:1.270
	loss: 1.238371

Epoch 20/200
----------
train
	100/1755 loss:1.152
	200/1755 loss:1.102
	300/1755 loss:1.097
	400/1755 loss:1.110
	500/1755 loss:1.108
	600/1755 loss:1.109
	700/1755 loss:1.106
	800/1755 loss:1.100
	900/1755 loss:1.104
	1000/1755 loss:1.108
	1100/1755 loss:1.112
	1200/1755 loss:1.117
	1300/1755 loss:1.118
	1400/1755 loss:1.119
	1500/1755 loss:1.120
	1600/1755 loss:1.119
	1700/1755 loss:1.118
	loss: 1.117449
test
	100/197 loss:1.530
	loss: 1.375417

Epoch 21/200
----------
train
	100/1755 loss:1.110
	200/1755 loss:1.095
	300/1755 loss:1.091
	400/1755 loss:1.085
	500/1755 loss:1.100
	600/1755 loss:1.095
	700/1755 loss:1.095
	800/1755 loss:1.092
	900/1755 loss:1.097
	1000/1755 loss:1.096
	1100/1755 loss:1.097
	1200/1755 loss:1.096
	1300/1755 loss:1.097
	1400/1755 loss:1.100
	1500/1755 loss:1.105
	1600/1755 loss:1.106
	1700/1755 loss:1.107
	loss: 1.105597
test
	100/197 loss:1.179
	loss: 1.116935

Epoch 22/200
----------
train
	100/1755 loss:1.029
	200/1755 loss:1.043
	300/1755 loss:1.047
	400/1755 loss:1.062
	500/1755 loss:1.058
	600/1755 loss:1.065
	700/1755 loss:1.076
	800/1755 loss:1.079
	900/1755 loss:1.080
	1000/1755 loss:1.083
	1100/1755 loss:1.083
	1200/1755 loss:1.081
	1300/1755 loss:1.080
	1400/1755 loss:1.084
	1500/1755 loss:1.085
	1600/1755 loss:1.088
	1700/1755 loss:1.089
	loss: 1.090346
test
	100/197 loss:1.348
	loss: 1.238606

Epoch 23/200
----------
train
	100/1755 loss:1.056
	200/1755 loss:1.028
	300/1755 loss:1.037
	400/1755 loss:1.049
	500/1755 loss:1.048
	600/1755 loss:1.049
	700/1755 loss:1.053
	800/1755 loss:1.050
	900/1755 loss:1.057
	1000/1755 loss:1.060
	1100/1755 loss:1.061
	1200/1755 loss:1.062
	1300/1755 loss:1.063
	1400/1755 loss:1.065
	1500/1755 loss:1.069
	1600/1755 loss:1.072
	1700/1755 loss:1.075
	loss: 1.076902
test
	100/197 loss:1.299
	loss: 1.124496

Epoch 24/200
----------
train
	100/1755 loss:1.021
	200/1755 loss:1.029
	300/1755 loss:1.037
	400/1755 loss:1.039
	500/1755 loss:1.041
	600/1755 loss:1.058
	700/1755 loss:1.059
	800/1755 loss:1.057
	900/1755 loss:1.058
	1000/1755 loss:1.060
	1100/1755 loss:1.060
	1200/1755 loss:1.057
	1300/1755 loss:1.057
	1400/1755 loss:1.060
	1500/1755 loss:1.064
	1600/1755 loss:1.065
	1700/1755 loss:1.067
	loss: 1.068864
test
	100/197 loss:1.138
	loss: 1.096499

Epoch 25/200
----------
train
	100/1755 loss:1.048
	200/1755 loss:1.017
	300/1755 loss:1.020
	400/1755 loss:1.020
	500/1755 loss:1.029
	600/1755 loss:1.027
	700/1755 loss:1.033
	800/1755 loss:1.036
	900/1755 loss:1.035
	1000/1755 loss:1.035
	1100/1755 loss:1.038
	1200/1755 loss:1.042
	1300/1755 loss:1.045
	1400/1755 loss:1.045
	1500/1755 loss:1.046
	1600/1755 loss:1.046
	1700/1755 loss:1.049
	loss: 1.049214
test
	100/197 loss:1.161
	loss: 1.114296

Epoch 26/200
----------
train
	100/1755 loss:1.007
	200/1755 loss:1.002
	300/1755 loss:1.016
	400/1755 loss:1.020
	500/1755 loss:1.024
	600/1755 loss:1.023
	700/1755 loss:1.025
	800/1755 loss:1.031
	900/1755 loss:1.034
	1000/1755 loss:1.033
	1100/1755 loss:1.033
	1200/1755 loss:1.037
	1300/1755 loss:1.039
	1400/1755 loss:1.039
	1500/1755 loss:1.039
	1600/1755 loss:1.042
	1700/1755 loss:1.041
	loss: 1.042132
test
	100/197 loss:1.179
	loss: 1.132063

Epoch 27/200
----------
train
	100/1755 loss:0.987
	200/1755 loss:0.988
	300/1755 loss:0.989
	400/1755 loss:0.995
	500/1755 loss:0.999
	600/1755 loss:1.001
	700/1755 loss:0.995
	800/1755 loss:1.003
	900/1755 loss:1.006
	1000/1755 loss:1.011
	1100/1755 loss:1.011
	1200/1755 loss:1.014
	1300/1755 loss:1.019
	1400/1755 loss:1.020
	1500/1755 loss:1.025
	1600/1755 loss:1.029
	1700/1755 loss:1.033
	loss: 1.032864
test
	100/197 loss:1.237
	loss: 1.150366

Epoch 28/200
----------
train
	100/1755 loss:0.982
	200/1755 loss:0.979
	300/1755 loss:0.983
	400/1755 loss:0.984
	500/1755 loss:0.996
	600/1755 loss:1.003
	700/1755 loss:1.003
	800/1755 loss:1.003
	900/1755 loss:1.006
	1000/1755 loss:1.009
	1100/1755 loss:1.009
	1200/1755 loss:1.010
	1300/1755 loss:1.011
	1400/1755 loss:1.014
	1500/1755 loss:1.015
	1600/1755 loss:1.015
	1700/1755 loss:1.017
	loss: 1.014815
test
	100/197 loss:1.199
	loss: 1.141363

Epoch 29/200
----------
train
	100/1755 loss:1.018
	200/1755 loss:1.007
	300/1755 loss:1.011
	400/1755 loss:1.004
	500/1755 loss:1.005
	600/1755 loss:0.999
	700/1755 loss:0.994
	800/1755 loss:1.001
	900/1755 loss:0.996
	1000/1755 loss:0.994
	1100/1755 loss:1.000
	1200/1755 loss:1.004
	1300/1755 loss:1.009
	1400/1755 loss:1.008
	1500/1755 loss:1.008
	1600/1755 loss:1.009
	1700/1755 loss:1.008
	loss: 1.007112
test
	100/197 loss:1.210
	loss: 1.177627

Epoch 30/200
----------
train
	100/1755 loss:0.928
	200/1755 loss:0.935
	300/1755 loss:0.947
	400/1755 loss:0.946
	500/1755 loss:0.952
	600/1755 loss:0.956
	700/1755 loss:0.965
	800/1755 loss:0.971
	900/1755 loss:0.972
	1000/1755 loss:0.975
	1100/1755 loss:0.976
	1200/1755 loss:0.979
	1300/1755 loss:0.984
	1400/1755 loss:0.989
	1500/1755 loss:0.992
	1600/1755 loss:0.993
	1700/1755 loss:0.995
	loss: 0.995530
test
	100/197 loss:1.279
	loss: 1.195564

Epoch 31/200
----------
train
	100/1755 loss:0.974
	200/1755 loss:0.957
	300/1755 loss:0.940
	400/1755 loss:0.943
	500/1755 loss:0.944
	600/1755 loss:0.960
	700/1755 loss:0.968
	800/1755 loss:0.973
	900/1755 loss:0.972
	1000/1755 loss:0.975
	1100/1755 loss:0.975
	1200/1755 loss:0.974
	1300/1755 loss:0.973
	1400/1755 loss:0.973
	1500/1755 loss:0.973
	1600/1755 loss:0.978
	1700/1755 loss:0.980
	loss: 0.981250
test
	100/197 loss:1.293
	loss: 1.188740

Epoch 32/200
----------
train
	100/1755 loss:0.932
	200/1755 loss:0.915
	300/1755 loss:0.918
	400/1755 loss:0.937
	500/1755 loss:0.935
	600/1755 loss:0.938
	700/1755 loss:0.942
	800/1755 loss:0.941
	900/1755 loss:0.942
	1000/1755 loss:0.950
	1100/1755 loss:0.955
	1200/1755 loss:0.955
	1300/1755 loss:0.960
	1400/1755 loss:0.959
	1500/1755 loss:0.962
	1600/1755 loss:0.965
	1700/1755 loss:0.968
	loss: 0.969347
test
	100/197 loss:1.391
	loss: 1.301487

Epoch 33/200
----------
train
	100/1755 loss:0.898
	200/1755 loss:0.895
	300/1755 loss:0.900
	400/1755 loss:0.913
	500/1755 loss:0.916
	600/1755 loss:0.926
	700/1755 loss:0.932
	800/1755 loss:0.933
	900/1755 loss:0.937
	1000/1755 loss:0.938
	1100/1755 loss:0.943
	1200/1755 loss:0.949
	1300/1755 loss:0.952
	1400/1755 loss:0.955
	1500/1755 loss:0.956
	1600/1755 loss:0.958
	1700/1755 loss:0.959
	loss: 0.960309
test
	100/197 loss:1.262
	loss: 1.208153

Epoch 34/200
----------
train
	100/1755 loss:0.895
	200/1755 loss:0.887
	300/1755 loss:0.906
	400/1755 loss:0.911
	500/1755 loss:0.921
	600/1755 loss:0.924
	700/1755 loss:0.920
	800/1755 loss:0.923
	900/1755 loss:0.929
	1000/1755 loss:0.934
	1100/1755 loss:0.938
	1200/1755 loss:0.941
	1300/1755 loss:0.943
	1400/1755 loss:0.946
	1500/1755 loss:0.948
	1600/1755 loss:0.951
	1700/1755 loss:0.954
	loss: 0.954586
test
	100/197 loss:1.274
	loss: 1.201775

Epoch 35/200
----------
train
	100/1755 loss:0.944
	200/1755 loss:0.907
	300/1755 loss:0.917
	400/1755 loss:0.915
	500/1755 loss:0.919
	600/1755 loss:0.916
	700/1755 loss:0.910
	800/1755 loss:0.913
	900/1755 loss:0.916
	1000/1755 loss:0.917
	1100/1755 loss:0.920
	1200/1755 loss:0.924
	1300/1755 loss:0.925
	1400/1755 loss:0.929
	1500/1755 loss:0.930
	1600/1755 loss:0.933
	1700/1755 loss:0.935
	loss: 0.936250
test
	100/197 loss:1.298
	loss: 1.166437

Epoch 36/200
----------
train
	100/1755 loss:0.830
	200/1755 loss:0.852
	300/1755 loss:0.871
	400/1755 loss:0.872
	500/1755 loss:0.887
	600/1755 loss:0.891
	700/1755 loss:0.895
	800/1755 loss:0.895
	900/1755 loss:0.892
	1000/1755 loss:0.899
	1100/1755 loss:0.902
	1200/1755 loss:0.906
	1300/1755 loss:0.908
	1400/1755 loss:0.910
	1500/1755 loss:0.916
	1600/1755 loss:0.917
	1700/1755 loss:0.918
	loss: 0.919456
test
	100/197 loss:1.402
	loss: 1.216931

Epoch 37/200
----------
train
	100/1755 loss:0.914
	200/1755 loss:0.879
	300/1755 loss:0.883
	400/1755 loss:0.878
	500/1755 loss:0.874
	600/1755 loss:0.888
	700/1755 loss:0.886
	800/1755 loss:0.892
	900/1755 loss:0.896
	1000/1755 loss:0.895
	1100/1755 loss:0.901
	1200/1755 loss:0.905
	1300/1755 loss:0.906
	1400/1755 loss:0.907
	1500/1755 loss:0.907
	1600/1755 loss:0.909
	1700/1755 loss:0.911
	loss: 0.912653
test
	100/197 loss:1.301
	loss: 1.159319

Epoch 38/200
----------
train
	100/1755 loss:0.862
	200/1755 loss:0.874
	300/1755 loss:0.875
	400/1755 loss:0.875
	500/1755 loss:0.873
	600/1755 loss:0.883
	700/1755 loss:0.888
	800/1755 loss:0.893
	900/1755 loss:0.897
	1000/1755 loss:0.897
	1100/1755 loss:0.896
	1200/1755 loss:0.896
	1300/1755 loss:0.899
	1400/1755 loss:0.899
	1500/1755 loss:0.899
	1600/1755 loss:0.900
	1700/1755 loss:0.902
	loss: 0.900892
test
	100/197 loss:1.203
	loss: 1.180628

Epoch 39/200
----------
train
	100/1755 loss:0.833
	200/1755 loss:0.819
	300/1755 loss:0.843
	400/1755 loss:0.859
	500/1755 loss:0.867
	600/1755 loss:0.862
	700/1755 loss:0.860
	800/1755 loss:0.864
	900/1755 loss:0.870
	1000/1755 loss:0.869
	1100/1755 loss:0.875
	1200/1755 loss:0.877
	1300/1755 loss:0.877
	1400/1755 loss:0.880
	1500/1755 loss:0.886
	1600/1755 loss:0.891
	1700/1755 loss:0.893
	loss: 0.892436
test
	100/197 loss:1.324
	loss: 1.264319

Epoch 40/200
----------
train
	100/1755 loss:0.833
	200/1755 loss:0.849
	300/1755 loss:0.841
	400/1755 loss:0.837
	500/1755 loss:0.846
	600/1755 loss:0.849
	700/1755 loss:0.855
	800/1755 loss:0.861
	900/1755 loss:0.869
	1000/1755 loss:0.872
	1100/1755 loss:0.876
	1200/1755 loss:0.877
	1300/1755 loss:0.879
	1400/1755 loss:0.881
	1500/1755 loss:0.882
	1600/1755 loss:0.881
	1700/1755 loss:0.882
	loss: 0.882811
test
	100/197 loss:1.244
	loss: 1.183453

Epoch 41/200
----------
train
	100/1755 loss:0.839
	200/1755 loss:0.851
	300/1755 loss:0.833
	400/1755 loss:0.832
	500/1755 loss:0.835
	600/1755 loss:0.841
	700/1755 loss:0.843
	800/1755 loss:0.843
	900/1755 loss:0.849
	1000/1755 loss:0.851
	1100/1755 loss:0.856
	1200/1755 loss:0.860
	1300/1755 loss:0.859
	1400/1755 loss:0.864
	1500/1755 loss:0.867
	1600/1755 loss:0.870
	1700/1755 loss:0.873
	loss: 0.873104
test
	100/197 loss:1.214
	loss: 1.179105

Epoch 42/200
----------
train
	100/1755 loss:0.823
	200/1755 loss:0.812
	300/1755 loss:0.813
	400/1755 loss:0.818
	500/1755 loss:0.825
	600/1755 loss:0.825
	700/1755 loss:0.829
	800/1755 loss:0.837
	900/1755 loss:0.835
	1000/1755 loss:0.841
	1100/1755 loss:0.845
	1200/1755 loss:0.849
	1300/1755 loss:0.854
	1400/1755 loss:0.855
	1500/1755 loss:0.857
	1600/1755 loss:0.862
	1700/1755 loss:0.860
	loss: 0.861357
test
	100/197 loss:1.261
	loss: 1.235839

Epoch 43/200
----------
train
	100/1755 loss:0.789
	200/1755 loss:0.798
	300/1755 loss:0.809
	400/1755 loss:0.810
	500/1755 loss:0.814
	600/1755 loss:0.823
	700/1755 loss:0.820
	800/1755 loss:0.829
	900/1755 loss:0.834
	1000/1755 loss:0.837
	1100/1755 loss:0.838
	1200/1755 loss:0.844
	1300/1755 loss:0.846
	1400/1755 loss:0.845
	1500/1755 loss:0.846
	1600/1755 loss:0.849
	1700/1755 loss:0.851
	loss: 0.853747
test
	100/197 loss:1.314
	loss: 1.197860

Epoch 44/200
----------
train
	100/1755 loss:0.774
	200/1755 loss:0.800
	300/1755 loss:0.810
	400/1755 loss:0.794
	500/1755 loss:0.809
	600/1755 loss:0.810
	700/1755 loss:0.819
	800/1755 loss:0.819
	900/1755 loss:0.819
	1000/1755 loss:0.819
	1100/1755 loss:0.821
	1200/1755 loss:0.823
	1300/1755 loss:0.825
	1400/1755 loss:0.828
	1500/1755 loss:0.831
	1600/1755 loss:0.831
	1700/1755 loss:0.837
	loss: 0.839573
test
	100/197 loss:1.425
	loss: 1.308673

Epoch 45/200
----------
train
	100/1755 loss:0.769
	200/1755 loss:0.777
	300/1755 loss:0.780
	400/1755 loss:0.790
	500/1755 loss:0.786
	600/1755 loss:0.788
	700/1755 loss:0.792
	800/1755 loss:0.802
	900/1755 loss:0.806
	1000/1755 loss:0.809
	1100/1755 loss:0.811
	1200/1755 loss:0.812
	1300/1755 loss:0.817
	1400/1755 loss:0.820
	1500/1755 loss:0.824
	1600/1755 loss:0.829
	1700/1755 loss:0.831
	loss: 0.833532
test
	100/197 loss:1.356
	loss: 1.237715

Epoch 46/200
----------
train
	100/1755 loss:0.774
	200/1755 loss:0.774
	300/1755 loss:0.772
	400/1755 loss:0.780
	500/1755 loss:0.783
	600/1755 loss:0.785
	700/1755 loss:0.785
	800/1755 loss:0.785
	900/1755 loss:0.790
	1000/1755 loss:0.795
	1100/1755 loss:0.798
	1200/1755 loss:0.802
	1300/1755 loss:0.805
	1400/1755 loss:0.806
	1500/1755 loss:0.810
	1600/1755 loss:0.814
	1700/1755 loss:0.816
	loss: 0.819248
test
	100/197 loss:1.197
	loss: 1.155140

Epoch 47/200
----------
train
	100/1755 loss:0.736
	200/1755 loss:0.726
	300/1755 loss:0.733
	400/1755 loss:0.747
	500/1755 loss:0.755
	600/1755 loss:0.761
	700/1755 loss:0.770
	800/1755 loss:0.776
	900/1755 loss:0.781
	1000/1755 loss:0.782
	1100/1755 loss:0.785
	1200/1755 loss:0.788
	1300/1755 loss:0.792
	1400/1755 loss:0.793
	1500/1755 loss:0.796
	1600/1755 loss:0.801
	1700/1755 loss:0.805
	loss: 0.806591
test
	100/197 loss:1.274
	loss: 1.191132

Epoch 48/200
----------
train
	100/1755 loss:0.734
	200/1755 loss:0.748
	300/1755 loss:0.752
	400/1755 loss:0.756
	500/1755 loss:0.764
	600/1755 loss:0.772
	700/1755 loss:0.777
	800/1755 loss:0.785
	900/1755 loss:0.784
	1000/1755 loss:0.790
	1100/1755 loss:0.793
	1200/1755 loss:0.797
	1300/1755 loss:0.797
	1400/1755 loss:0.798
	1500/1755 loss:0.800
	1600/1755 loss:0.802
	1700/1755 loss:0.803
	loss: 0.804845
test
	100/197 loss:1.273
	loss: 1.258916

Epoch 49/200
----------
train
	100/1755 loss:0.738
	200/1755 loss:0.734
	300/1755 loss:0.743
	400/1755 loss:0.758
	500/1755 loss:0.763
	600/1755 loss:0.769
	700/1755 loss:0.770
	800/1755 loss:0.772
	900/1755 loss:0.776
	1000/1755 loss:0.782
	1100/1755 loss:0.784
	1200/1755 loss:0.784
	1300/1755 loss:0.786
	1400/1755 loss:0.788
	1500/1755 loss:0.788
	1600/1755 loss:0.789
	1700/1755 loss:0.792
	loss: 0.793579
test
	100/197 loss:1.226
	loss: 1.215409

Epoch 50/200
----------
train
	100/1755 loss:0.670
	200/1755 loss:0.654
	300/1755 loss:0.645
	400/1755 loss:0.640
	500/1755 loss:0.632
	600/1755 loss:0.626
	700/1755 loss:0.624
	800/1755 loss:0.623
	900/1755 loss:0.620
	1000/1755 loss:0.614
	1100/1755 loss:0.614
	1200/1755 loss:0.612
	1300/1755 loss:0.611
	1400/1755 loss:0.608
	1500/1755 loss:0.608
	1600/1755 loss:0.605
	1700/1755 loss:0.605
	loss: 0.603334
test
	100/197 loss:1.178
	loss: 1.095113

Epoch 51/200
----------
train
	100/1755 loss:0.519
	200/1755 loss:0.526
	300/1755 loss:0.528
	400/1755 loss:0.529
	500/1755 loss:0.530
	600/1755 loss:0.529
	700/1755 loss:0.531
	800/1755 loss:0.532
	900/1755 loss:0.534
	1000/1755 loss:0.533
	1100/1755 loss:0.535
	1200/1755 loss:0.533
	1300/1755 loss:0.536
	1400/1755 loss:0.537
	1500/1755 loss:0.538
	1600/1755 loss:0.540
	1700/1755 loss:0.540
	loss: 0.540042
test
	100/197 loss:1.138
	loss: 1.081766

Epoch 52/200
----------
train
	100/1755 loss:0.497
	200/1755 loss:0.495
	300/1755 loss:0.491
	400/1755 loss:0.497
	500/1755 loss:0.501
	600/1755 loss:0.495
	700/1755 loss:0.500
	800/1755 loss:0.503
	900/1755 loss:0.502
	1000/1755 loss:0.502
	1100/1755 loss:0.503
	1200/1755 loss:0.504
	1300/1755 loss:0.507
	1400/1755 loss:0.508
	1500/1755 loss:0.509
	1600/1755 loss:0.509
	1700/1755 loss:0.510
	loss: 0.511097
test
	100/197 loss:1.209
	loss: 1.114397

Epoch 53/200
----------
train
	100/1755 loss:0.452
	200/1755 loss:0.447
	300/1755 loss:0.450
	400/1755 loss:0.455
	500/1755 loss:0.461
	600/1755 loss:0.463
	700/1755 loss:0.461
	800/1755 loss:0.459
	900/1755 loss:0.463
	1000/1755 loss:0.465
	1100/1755 loss:0.468
	1200/1755 loss:0.471
	1300/1755 loss:0.474
	1400/1755 loss:0.478
	1500/1755 loss:0.479
	1600/1755 loss:0.480
	1700/1755 loss:0.482
	loss: 0.482374
test
	100/197 loss:1.206
	loss: 1.124928

Epoch 54/200
----------
train
	100/1755 loss:0.428
	200/1755 loss:0.442
	300/1755 loss:0.445
	400/1755 loss:0.449
	500/1755 loss:0.447
	600/1755 loss:0.450
	700/1755 loss:0.451
	800/1755 loss:0.453
	900/1755 loss:0.452
	1000/1755 loss:0.453
	1100/1755 loss:0.451
	1200/1755 loss:0.453
	1300/1755 loss:0.457
	1400/1755 loss:0.457
	1500/1755 loss:0.458
	1600/1755 loss:0.459
	1700/1755 loss:0.460
	loss: 0.461255
test
	100/197 loss:1.233
	loss: 1.125058

Epoch 55/200
----------
train
	100/1755 loss:0.403
	200/1755 loss:0.400
	300/1755 loss:0.409
	400/1755 loss:0.413
	500/1755 loss:0.413
	600/1755 loss:0.419
	700/1755 loss:0.420
	800/1755 loss:0.422
	900/1755 loss:0.421
	1000/1755 loss:0.421
	1100/1755 loss:0.422
	1200/1755 loss:0.425
	1300/1755 loss:0.427
	1400/1755 loss:0.428
	1500/1755 loss:0.431
	1600/1755 loss:0.433
	1700/1755 loss:0.435
	loss: 0.436757
test
	100/197 loss:1.293
	loss: 1.186992

Epoch 56/200
----------
train
	100/1755 loss:0.410
	200/1755 loss:0.402
	300/1755 loss:0.404
	400/1755 loss:0.411
	500/1755 loss:0.415
	600/1755 loss:0.416
	700/1755 loss:0.415
	800/1755 loss:0.414
	900/1755 loss:0.412
	1000/1755 loss:0.411
	1100/1755 loss:0.413
	1200/1755 loss:0.414
	1300/1755 loss:0.416
	1400/1755 loss:0.420
	1500/1755 loss:0.420
	1600/1755 loss:0.420
	1700/1755 loss:0.420
	loss: 0.421740
test
	100/197 loss:1.296
	loss: 1.196930

Epoch 57/200
----------
train
	100/1755 loss:0.357
	200/1755 loss:0.366
	300/1755 loss:0.369
	400/1755 loss:0.378
	500/1755 loss:0.378
	600/1755 loss:0.384
	700/1755 loss:0.383
	800/1755 loss:0.386
	900/1755 loss:0.389
	1000/1755 loss:0.393
	1100/1755 loss:0.396
	1200/1755 loss:0.397
	1300/1755 loss:0.400
	1400/1755 loss:0.401
	1500/1755 loss:0.402
	1600/1755 loss:0.403
	1700/1755 loss:0.405
	loss: 0.406623
test
	100/197 loss:1.353
	loss: 1.224717

Epoch 58/200
----------
train
	100/1755 loss:0.366
	200/1755 loss:0.357
	300/1755 loss:0.365
	400/1755 loss:0.372
	500/1755 loss:0.372
	600/1755 loss:0.369
	700/1755 loss:0.372
	800/1755 loss:0.373
	900/1755 loss:0.373
	1000/1755 loss:0.376
	1100/1755 loss:0.380
	1200/1755 loss:0.380
	1300/1755 loss:0.382
	1400/1755 loss:0.382
	1500/1755 loss:0.382
	1600/1755 loss:0.384
	1700/1755 loss:0.386
	loss: 0.389198
test
	100/197 loss:1.451
	loss: 1.255185

Epoch 59/200
----------
train
	100/1755 loss:0.336
	200/1755 loss:0.332
	300/1755 loss:0.343
	400/1755 loss:0.349
	500/1755 loss:0.350
	600/1755 loss:0.352
	700/1755 loss:0.355
	800/1755 loss:0.360
	900/1755 loss:0.364
	1000/1755 loss:0.364
	1100/1755 loss:0.366
	1200/1755 loss:0.368
	1300/1755 loss:0.370
	1400/1755 loss:0.372
	1500/1755 loss:0.374
	1600/1755 loss:0.376
	1700/1755 loss:0.378
	loss: 0.378439
test
	100/197 loss:1.272
	loss: 1.219814

Epoch 60/200
----------
train
	100/1755 loss:0.324
	200/1755 loss:0.331
	300/1755 loss:0.326
	400/1755 loss:0.332
	500/1755 loss:0.333
	600/1755 loss:0.337
	700/1755 loss:0.342
	800/1755 loss:0.344
	900/1755 loss:0.347
	1000/1755 loss:0.349
	1100/1755 loss:0.349
	1200/1755 loss:0.351
	1300/1755 loss:0.353
	1400/1755 loss:0.356
	1500/1755 loss:0.358
	1600/1755 loss:0.363
	1700/1755 loss:0.364
	loss: 0.364013
test
	100/197 loss:1.343
	loss: 1.237167

Epoch 61/200
----------
train
	100/1755 loss:0.326
	200/1755 loss:0.328
	300/1755 loss:0.321
	400/1755 loss:0.324
	500/1755 loss:0.328
	600/1755 loss:0.328
	700/1755 loss:0.331
	800/1755 loss:0.333
	900/1755 loss:0.337
	1000/1755 loss:0.337
	1100/1755 loss:0.340
	1200/1755 loss:0.341
	1300/1755 loss:0.343
	1400/1755 loss:0.344
	1500/1755 loss:0.346
	1600/1755 loss:0.348
	1700/1755 loss:0.350
	loss: 0.351046
test
	100/197 loss:1.322
	loss: 1.292188

Epoch 62/200
----------
train
	100/1755 loss:0.298
	200/1755 loss:0.296
	300/1755 loss:0.297
	400/1755 loss:0.300
	500/1755 loss:0.304
	600/1755 loss:0.307
	700/1755 loss:0.310
	800/1755 loss:0.316
	900/1755 loss:0.319
	1000/1755 loss:0.322
	1100/1755 loss:0.324
	1200/1755 loss:0.327
	1300/1755 loss:0.329
	1400/1755 loss:0.332
	1500/1755 loss:0.334
	1600/1755 loss:0.337
	1700/1755 loss:0.340
	loss: 0.341509
test
	100/197 loss:1.373
	loss: 1.260081

Epoch 63/200
----------
train
	100/1755 loss:0.301
	200/1755 loss:0.312
	300/1755 loss:0.309
	400/1755 loss:0.308
	500/1755 loss:0.312
	600/1755 loss:0.312
	700/1755 loss:0.310
	800/1755 loss:0.310
	900/1755 loss:0.314
	1000/1755 loss:0.315
	1100/1755 loss:0.315
	1200/1755 loss:0.315
	1300/1755 loss:0.318
	1400/1755 loss:0.322
	1500/1755 loss:0.324
	1600/1755 loss:0.324
	1700/1755 loss:0.327
	loss: 0.327897
test
	100/197 loss:1.343
	loss: 1.314980

Epoch 64/200
----------
train
	100/1755 loss:0.294
	200/1755 loss:0.297
	300/1755 loss:0.298
	400/1755 loss:0.301
	500/1755 loss:0.302
	600/1755 loss:0.302
	700/1755 loss:0.303
	800/1755 loss:0.306
	900/1755 loss:0.305
	1000/1755 loss:0.308
	1100/1755 loss:0.310
	1200/1755 loss:0.311
	1300/1755 loss:0.310
	1400/1755 loss:0.314
	1500/1755 loss:0.315
	1600/1755 loss:0.318
	1700/1755 loss:0.320
	loss: 0.320344
test
	100/197 loss:1.387
	loss: 1.300635

Epoch 65/200
----------
train
	100/1755 loss:0.278
	200/1755 loss:0.278
	300/1755 loss:0.281
	400/1755 loss:0.279
	500/1755 loss:0.283
	600/1755 loss:0.283
	700/1755 loss:0.288
	800/1755 loss:0.294
	900/1755 loss:0.296
	1000/1755 loss:0.298
	1100/1755 loss:0.301
	1200/1755 loss:0.304
	1300/1755 loss:0.305
	1400/1755 loss:0.307
	1500/1755 loss:0.310
	1600/1755 loss:0.313
	1700/1755 loss:0.316
	loss: 0.317588
test
	100/197 loss:1.373
	loss: 1.304735

Epoch 66/200
----------
train
	100/1755 loss:0.289
	200/1755 loss:0.283
	300/1755 loss:0.284
	400/1755 loss:0.288
	500/1755 loss:0.286
	600/1755 loss:0.287
	700/1755 loss:0.291
	800/1755 loss:0.292
	900/1755 loss:0.293
	1000/1755 loss:0.296
	1100/1755 loss:0.297
	1200/1755 loss:0.301
	1300/1755 loss:0.303
	1400/1755 loss:0.305
	1500/1755 loss:0.307
	1600/1755 loss:0.308
	1700/1755 loss:0.310
	loss: 0.311047
test
	100/197 loss:1.367
	loss: 1.333852

Epoch 67/200
----------
train
	100/1755 loss:0.253
	200/1755 loss:0.252
	300/1755 loss:0.260
	400/1755 loss:0.259
	500/1755 loss:0.264
	600/1755 loss:0.268
	700/1755 loss:0.271
	800/1755 loss:0.276
	900/1755 loss:0.280
	1000/1755 loss:0.282
	1100/1755 loss:0.284
	1200/1755 loss:0.286
	1300/1755 loss:0.289
	1400/1755 loss:0.290
	1500/1755 loss:0.294
	1600/1755 loss:0.297
	1700/1755 loss:0.297
	loss: 0.297995
test
	100/197 loss:1.470
	loss: 1.351461

Epoch 68/200
----------
train
	100/1755 loss:0.266
	200/1755 loss:0.259
	300/1755 loss:0.259
	400/1755 loss:0.265
	500/1755 loss:0.263
	600/1755 loss:0.266
	700/1755 loss:0.270
	800/1755 loss:0.271
	900/1755 loss:0.272
	1000/1755 loss:0.273
	1100/1755 loss:0.275
	1200/1755 loss:0.276
	1300/1755 loss:0.278
	1400/1755 loss:0.280
	1500/1755 loss:0.284
	1600/1755 loss:0.285
	1700/1755 loss:0.288
	loss: 0.289860
test
	100/197 loss:1.502
	loss: 1.361665

Epoch 69/200
----------
train
	100/1755 loss:0.242
	200/1755 loss:0.251
	300/1755 loss:0.253
	400/1755 loss:0.252
	500/1755 loss:0.254
	600/1755 loss:0.260
	700/1755 loss:0.260
	800/1755 loss:0.261
	900/1755 loss:0.264
	1000/1755 loss:0.266
	1100/1755 loss:0.271
	1200/1755 loss:0.275
	1300/1755 loss:0.277
	1400/1755 loss:0.279
	1500/1755 loss:0.281
	1600/1755 loss:0.282
	1700/1755 loss:0.286
	loss: 0.287187
test
	100/197 loss:1.424
	loss: 1.354492

Epoch 70/200
----------
train
	100/1755 loss:0.291
	200/1755 loss:0.270
	300/1755 loss:0.268
	400/1755 loss:0.269
	500/1755 loss:0.265
	600/1755 loss:0.261
	700/1755 loss:0.263
	800/1755 loss:0.266
	900/1755 loss:0.267
	1000/1755 loss:0.266
	1100/1755 loss:0.267
	1200/1755 loss:0.270
	1300/1755 loss:0.269
	1400/1755 loss:0.270
	1500/1755 loss:0.271
	1600/1755 loss:0.273
	1700/1755 loss:0.275
	loss: 0.276193
test
	100/197 loss:1.429
	loss: 1.357316

Epoch 71/200
----------
train
	100/1755 loss:0.244
	200/1755 loss:0.249
	300/1755 loss:0.256
	400/1755 loss:0.252
	500/1755 loss:0.253
	600/1755 loss:0.255
	700/1755 loss:0.255
	800/1755 loss:0.255
	900/1755 loss:0.256
	1000/1755 loss:0.261
	1100/1755 loss:0.264
	1200/1755 loss:0.267
	1300/1755 loss:0.268
	1400/1755 loss:0.272
	1500/1755 loss:0.274
	1600/1755 loss:0.274
	1700/1755 loss:0.276
	loss: 0.275713
test
	100/197 loss:1.550
	loss: 1.392945

Epoch 72/200
----------
train
	100/1755 loss:0.229
	200/1755 loss:0.229
	300/1755 loss:0.230
	400/1755 loss:0.231
	500/1755 loss:0.235
	600/1755 loss:0.238
	700/1755 loss:0.241
	800/1755 loss:0.245
	900/1755 loss:0.249
	1000/1755 loss:0.254
	1100/1755 loss:0.254
	1200/1755 loss:0.257
	1300/1755 loss:0.259
	1400/1755 loss:0.264
	1500/1755 loss:0.266
	1600/1755 loss:0.268
	1700/1755 loss:0.271
	loss: 0.271035
test
	100/197 loss:1.516
	loss: 1.374812

Epoch 73/200
----------
train
	100/1755 loss:0.226
	200/1755 loss:0.223
	300/1755 loss:0.230
	400/1755 loss:0.230
	500/1755 loss:0.230
	600/1755 loss:0.232
	700/1755 loss:0.239
	800/1755 loss:0.237
	900/1755 loss:0.240
	1000/1755 loss:0.243
	1100/1755 loss:0.247
	1200/1755 loss:0.250
	1300/1755 loss:0.253
	1400/1755 loss:0.254
	1500/1755 loss:0.256
	1600/1755 loss:0.260
	1700/1755 loss:0.261
	loss: 0.261904
test
	100/197 loss:1.519
	loss: 1.431930

Epoch 74/200
----------
train
	100/1755 loss:0.211
	200/1755 loss:0.215
	300/1755 loss:0.219
	400/1755 loss:0.228
	500/1755 loss:0.229
	600/1755 loss:0.234
	700/1755 loss:0.237
	800/1755 loss:0.238
	900/1755 loss:0.242
	1000/1755 loss:0.243
	1100/1755 loss:0.245
	1200/1755 loss:0.247
	1300/1755 loss:0.247
	1400/1755 loss:0.249
	1500/1755 loss:0.250
	1600/1755 loss:0.252
	1700/1755 loss:0.254
	loss: 0.255227
test
	100/197 loss:1.373
	loss: 1.353024

Epoch 75/200
----------
train
	100/1755 loss:0.222
	200/1755 loss:0.230
	300/1755 loss:0.232
	400/1755 loss:0.228
	500/1755 loss:0.231
	600/1755 loss:0.235
	700/1755 loss:0.236
	800/1755 loss:0.238
	900/1755 loss:0.241
	1000/1755 loss:0.244
	1100/1755 loss:0.248
	1200/1755 loss:0.249
	1300/1755 loss:0.250
	1400/1755 loss:0.252
	1500/1755 loss:0.254
	1600/1755 loss:0.257
	1700/1755 loss:0.260
	loss: 0.261519
test
	100/197 loss:1.370
	loss: 1.373035

Epoch 76/200
----------
train
	100/1755 loss:0.201
	200/1755 loss:0.202
	300/1755 loss:0.211
	400/1755 loss:0.211
	500/1755 loss:0.213
	600/1755 loss:0.218
	700/1755 loss:0.221
	800/1755 loss:0.225
	900/1755 loss:0.227
	1000/1755 loss:0.231
	1100/1755 loss:0.235
	1200/1755 loss:0.237
	1300/1755 loss:0.240
	1400/1755 loss:0.242
	1500/1755 loss:0.245
	1600/1755 loss:0.247
	1700/1755 loss:0.250
	loss: 0.250765
test
	100/197 loss:1.395
	loss: 1.426408

Epoch 77/200
----------
train
	100/1755 loss:0.225
	200/1755 loss:0.215
	300/1755 loss:0.211
	400/1755 loss:0.217
	500/1755 loss:0.219
	600/1755 loss:0.222
	700/1755 loss:0.223
	800/1755 loss:0.224
	900/1755 loss:0.226
	1000/1755 loss:0.228
	1100/1755 loss:0.232
	1200/1755 loss:0.234
	1300/1755 loss:0.236
	1400/1755 loss:0.238
	1500/1755 loss:0.239
	1600/1755 loss:0.242
	1700/1755 loss:0.245
	loss: 0.246029
test
	100/197 loss:1.480
	loss: 1.412439

Epoch 78/200
----------
train
	100/1755 loss:0.234
	200/1755 loss:0.228
	300/1755 loss:0.221
	400/1755 loss:0.215
	500/1755 loss:0.216
	600/1755 loss:0.219
	700/1755 loss:0.221
	800/1755 loss:0.226
	900/1755 loss:0.227
	1000/1755 loss:0.230
	1100/1755 loss:0.234
	1200/1755 loss:0.232
	1300/1755 loss:0.234
	1400/1755 loss:0.234
	1500/1755 loss:0.236
	1600/1755 loss:0.237
	1700/1755 loss:0.239
	loss: 0.239549
test
	100/197 loss:1.547
	loss: 1.434230

Epoch 79/200
----------
train
	100/1755 loss:0.213
	200/1755 loss:0.207
	300/1755 loss:0.217
	400/1755 loss:0.220
	500/1755 loss:0.221
	600/1755 loss:0.220
	700/1755 loss:0.221
	800/1755 loss:0.224
	900/1755 loss:0.226
	1000/1755 loss:0.228
	1100/1755 loss:0.230
	1200/1755 loss:0.230
	1300/1755 loss:0.234
	1400/1755 loss:0.236
	1500/1755 loss:0.237
	1600/1755 loss:0.240
	1700/1755 loss:0.241
	loss: 0.241302
test
	100/197 loss:1.540
	loss: 1.398680

Epoch 80/200
----------
train
	100/1755 loss:0.206
	200/1755 loss:0.217
	300/1755 loss:0.209
	400/1755 loss:0.210
	500/1755 loss:0.210
	600/1755 loss:0.213
	700/1755 loss:0.212
	800/1755 loss:0.217
	900/1755 loss:0.218
	1000/1755 loss:0.219
	1100/1755 loss:0.223
	1200/1755 loss:0.226
	1300/1755 loss:0.227
	1400/1755 loss:0.228
	1500/1755 loss:0.230
	1600/1755 loss:0.232
	1700/1755 loss:0.235
	loss: 0.235701
test
	100/197 loss:1.583
	loss: 1.469470

Epoch 81/200
----------
train
	100/1755 loss:0.225
	200/1755 loss:0.221
	300/1755 loss:0.219
	400/1755 loss:0.219
	500/1755 loss:0.224
	600/1755 loss:0.220
	700/1755 loss:0.222
	800/1755 loss:0.220
	900/1755 loss:0.221
	1000/1755 loss:0.221
	1100/1755 loss:0.222
	1200/1755 loss:0.226
	1300/1755 loss:0.229
	1400/1755 loss:0.231
	1500/1755 loss:0.234
	1600/1755 loss:0.237
	1700/1755 loss:0.238
	loss: 0.239362
test
	100/197 loss:1.548
	loss: 1.403726

Epoch 82/200
----------
train
	100/1755 loss:0.204
	200/1755 loss:0.205
	300/1755 loss:0.202
	400/1755 loss:0.202
	500/1755 loss:0.205
	600/1755 loss:0.203
	700/1755 loss:0.203
	800/1755 loss:0.204
	900/1755 loss:0.205
	1000/1755 loss:0.209
	1100/1755 loss:0.212
	1200/1755 loss:0.214
	1300/1755 loss:0.217
	1400/1755 loss:0.218
	1500/1755 loss:0.222
	1600/1755 loss:0.224
	1700/1755 loss:0.227
	loss: 0.229048
test
	100/197 loss:1.513
	loss: 1.416706

Epoch 83/200
----------
train
	100/1755 loss:0.194
	200/1755 loss:0.198
	300/1755 loss:0.197
	400/1755 loss:0.202
	500/1755 loss:0.210
	600/1755 loss:0.207
	700/1755 loss:0.208
	800/1755 loss:0.214
	900/1755 loss:0.215
	1000/1755 loss:0.214
	1100/1755 loss:0.215
	1200/1755 loss:0.217
	1300/1755 loss:0.217
	1400/1755 loss:0.218
	1500/1755 loss:0.221
	1600/1755 loss:0.223
	1700/1755 loss:0.224
	loss: 0.224160
test
	100/197 loss:1.620
	loss: 1.440934

Epoch 84/200
----------
train
	100/1755 loss:0.195
	200/1755 loss:0.189
	300/1755 loss:0.188
	400/1755 loss:0.194
	500/1755 loss:0.195
	600/1755 loss:0.198
	700/1755 loss:0.199
	800/1755 loss:0.201
	900/1755 loss:0.204
	1000/1755 loss:0.205
	1100/1755 loss:0.207
	1200/1755 loss:0.211
	1300/1755 loss:0.214
	1400/1755 loss:0.216
	1500/1755 loss:0.219
	1600/1755 loss:0.221
	1700/1755 loss:0.223
	loss: 0.223712
test
	100/197 loss:1.676
	loss: 1.436547

Epoch 85/200
----------
train
	100/1755 loss:0.192
	200/1755 loss:0.199
	300/1755 loss:0.198
	400/1755 loss:0.201
	500/1755 loss:0.202
	600/1755 loss:0.199
	700/1755 loss:0.199
	800/1755 loss:0.202
	900/1755 loss:0.207
	1000/1755 loss:0.209
	1100/1755 loss:0.210
	1200/1755 loss:0.212
	1300/1755 loss:0.214
	1400/1755 loss:0.214
	1500/1755 loss:0.216
	1600/1755 loss:0.219
	1700/1755 loss:0.221
	loss: 0.223254
test
	100/197 loss:1.492
	loss: 1.502214

Epoch 86/200
----------
train
	100/1755 loss:0.180
	200/1755 loss:0.185
	300/1755 loss:0.179
	400/1755 loss:0.187
	500/1755 loss:0.190
	600/1755 loss:0.194
	700/1755 loss:0.193
	800/1755 loss:0.200
	900/1755 loss:0.202
	1000/1755 loss:0.204
	1100/1755 loss:0.204
	1200/1755 loss:0.207
	1300/1755 loss:0.209
	1400/1755 loss:0.209
	1500/1755 loss:0.211
	1600/1755 loss:0.214
	1700/1755 loss:0.216
	loss: 0.217384
test
	100/197 loss:1.702
	loss: 1.477801

Epoch 87/200
----------
train
	100/1755 loss:0.178
	200/1755 loss:0.179
	300/1755 loss:0.184
	400/1755 loss:0.185
	500/1755 loss:0.186
	600/1755 loss:0.190
	700/1755 loss:0.193
	800/1755 loss:0.196
	900/1755 loss:0.200
	1000/1755 loss:0.203
	1100/1755 loss:0.206
	1200/1755 loss:0.209
	1300/1755 loss:0.210
	1400/1755 loss:0.212
	1500/1755 loss:0.214
	1600/1755 loss:0.215
	1700/1755 loss:0.218
	loss: 0.218451
test
	100/197 loss:1.565
	loss: 1.484111

Epoch 88/200
----------
train
	100/1755 loss:0.203
	200/1755 loss:0.196
	300/1755 loss:0.193
	400/1755 loss:0.191
	500/1755 loss:0.192
	600/1755 loss:0.193
	700/1755 loss:0.195
	800/1755 loss:0.195
	900/1755 loss:0.196
	1000/1755 loss:0.197
	1100/1755 loss:0.199
	1200/1755 loss:0.201
	1300/1755 loss:0.203
	1400/1755 loss:0.206
	1500/1755 loss:0.207
	1600/1755 loss:0.207
	1700/1755 loss:0.210
	loss: 0.211212
test
	100/197 loss:1.554
	loss: 1.479505

Epoch 89/200
----------
train
	100/1755 loss:0.168
	200/1755 loss:0.177
	300/1755 loss:0.188
	400/1755 loss:0.190
	500/1755 loss:0.196
	600/1755 loss:0.198
	700/1755 loss:0.202
	800/1755 loss:0.203
	900/1755 loss:0.205
	1000/1755 loss:0.207
	1100/1755 loss:0.207
	1200/1755 loss:0.208
	1300/1755 loss:0.209
	1400/1755 loss:0.211
	1500/1755 loss:0.212
	1600/1755 loss:0.213
	1700/1755 loss:0.214
	loss: 0.215233
test
	100/197 loss:1.416
	loss: 1.515159

Epoch 90/200
----------
train
	100/1755 loss:0.176
	200/1755 loss:0.185
	300/1755 loss:0.187
	400/1755 loss:0.189
	500/1755 loss:0.185
	600/1755 loss:0.189
	700/1755 loss:0.190
	800/1755 loss:0.193
	900/1755 loss:0.195
	1000/1755 loss:0.195
	1100/1755 loss:0.198
	1200/1755 loss:0.199
	1300/1755 loss:0.202
	1400/1755 loss:0.204
	1500/1755 loss:0.206
	1600/1755 loss:0.207
	1700/1755 loss:0.208
	loss: 0.209170
test
	100/197 loss:1.636
	loss: 1.507298

Epoch 91/200
----------
train
	100/1755 loss:0.169
	200/1755 loss:0.177
	300/1755 loss:0.176
	400/1755 loss:0.176
	500/1755 loss:0.176
	600/1755 loss:0.179
	700/1755 loss:0.183
	800/1755 loss:0.186
	900/1755 loss:0.188
	1000/1755 loss:0.193
	1100/1755 loss:0.195
	1200/1755 loss:0.197
	1300/1755 loss:0.201
	1400/1755 loss:0.204
	1500/1755 loss:0.206
	1600/1755 loss:0.210
	1700/1755 loss:0.211
	loss: 0.211683
test
	100/197 loss:1.423
	loss: 1.441812

Epoch 92/200
----------
train
	100/1755 loss:0.181
	200/1755 loss:0.174
	300/1755 loss:0.167
	400/1755 loss:0.173
	500/1755 loss:0.179
	600/1755 loss:0.185
	700/1755 loss:0.189
	800/1755 loss:0.190
	900/1755 loss:0.193
	1000/1755 loss:0.194
	1100/1755 loss:0.196
	1200/1755 loss:0.198
	1300/1755 loss:0.200
	1400/1755 loss:0.203
	1500/1755 loss:0.204
	1600/1755 loss:0.206
	1700/1755 loss:0.207
	loss: 0.206874
test
	100/197 loss:1.563
	loss: 1.471032

Epoch 93/200
----------
train
	100/1755 loss:0.170
	200/1755 loss:0.180
	300/1755 loss:0.180
	400/1755 loss:0.181
	500/1755 loss:0.184
	600/1755 loss:0.188
	700/1755 loss:0.192
	800/1755 loss:0.192
	900/1755 loss:0.195
	1000/1755 loss:0.198
	1100/1755 loss:0.197
	1200/1755 loss:0.201
	1300/1755 loss:0.203
	1400/1755 loss:0.206
	1500/1755 loss:0.207
	1600/1755 loss:0.209
	1700/1755 loss:0.211
	loss: 0.211870
test
	100/197 loss:1.744
	loss: 1.596754

Epoch 94/200
----------
train
	100/1755 loss:0.178
	200/1755 loss:0.175
	300/1755 loss:0.177
	400/1755 loss:0.181
	500/1755 loss:0.179
	600/1755 loss:0.179
	700/1755 loss:0.184
	800/1755 loss:0.184
	900/1755 loss:0.186
	1000/1755 loss:0.188
	1100/1755 loss:0.191
	1200/1755 loss:0.193
	1300/1755 loss:0.195
	1400/1755 loss:0.197
	1500/1755 loss:0.198
	1600/1755 loss:0.200
	1700/1755 loss:0.201
	loss: 0.201824
test
	100/197 loss:1.549
	loss: 1.461825

Epoch 95/200
----------
train
	100/1755 loss:0.173
	200/1755 loss:0.174
	300/1755 loss:0.174
	400/1755 loss:0.179
	500/1755 loss:0.180
	600/1755 loss:0.182
	700/1755 loss:0.182
	800/1755 loss:0.183
	900/1755 loss:0.184
	1000/1755 loss:0.186
	1100/1755 loss:0.190
	1200/1755 loss:0.193
	1300/1755 loss:0.195
	1400/1755 loss:0.197
	1500/1755 loss:0.199
	1600/1755 loss:0.201
	1700/1755 loss:0.204
	loss: 0.204568
test
	100/197 loss:1.533
	loss: 1.472927

Epoch 96/200
----------
train
	100/1755 loss:0.189
	200/1755 loss:0.181
	300/1755 loss:0.171
	400/1755 loss:0.172
	500/1755 loss:0.172
	600/1755 loss:0.172
	700/1755 loss:0.173
	800/1755 loss:0.176
	900/1755 loss:0.178
	1000/1755 loss:0.179
	1100/1755 loss:0.183
	1200/1755 loss:0.188
	1300/1755 loss:0.192
	1400/1755 loss:0.195
	1500/1755 loss:0.198
	1600/1755 loss:0.200
	1700/1755 loss:0.202
	loss: 0.203050
test
	100/197 loss:1.619
	loss: 1.506418

Epoch 97/200
----------
train
	100/1755 loss:0.164
	200/1755 loss:0.157
	300/1755 loss:0.164
	400/1755 loss:0.168
	500/1755 loss:0.167
	600/1755 loss:0.172
	700/1755 loss:0.173
	800/1755 loss:0.176
	900/1755 loss:0.181
	1000/1755 loss:0.184
	1100/1755 loss:0.187
	1200/1755 loss:0.188
	1300/1755 loss:0.190
	1400/1755 loss:0.193
	1500/1755 loss:0.194
	1600/1755 loss:0.196
	1700/1755 loss:0.197
	loss: 0.198157
test
	100/197 loss:1.658
	loss: 1.507660

Epoch 98/200
----------
train
	100/1755 loss:0.174
	200/1755 loss:0.164
	300/1755 loss:0.164
	400/1755 loss:0.167
	500/1755 loss:0.172
	600/1755 loss:0.173
	700/1755 loss:0.175
	800/1755 loss:0.177
	900/1755 loss:0.179
	1000/1755 loss:0.181
	1100/1755 loss:0.181
	1200/1755 loss:0.181
	1300/1755 loss:0.182
	1400/1755 loss:0.184
	1500/1755 loss:0.185
	1600/1755 loss:0.189
	1700/1755 loss:0.191
	loss: 0.192136
test
	100/197 loss:1.478
	loss: 1.550487

Epoch 99/200
----------
train
	100/1755 loss:0.164
	200/1755 loss:0.164
	300/1755 loss:0.162
	400/1755 loss:0.167
	500/1755 loss:0.173
	600/1755 loss:0.173
	700/1755 loss:0.178
	800/1755 loss:0.180
	900/1755 loss:0.182
	1000/1755 loss:0.183
	1100/1755 loss:0.184
	1200/1755 loss:0.187
	1300/1755 loss:0.188
	1400/1755 loss:0.189
	1500/1755 loss:0.191
	1600/1755 loss:0.195
	1700/1755 loss:0.197
	loss: 0.198110
test
	100/197 loss:1.724
	loss: 1.554828

Epoch 100/200
----------
train
	100/1755 loss:0.167
	200/1755 loss:0.146
	300/1755 loss:0.136
	400/1755 loss:0.133
	500/1755 loss:0.127
	600/1755 loss:0.124
	700/1755 loss:0.124
	800/1755 loss:0.123
	900/1755 loss:0.122
	1000/1755 loss:0.120
	1100/1755 loss:0.118
	1200/1755 loss:0.118
	1300/1755 loss:0.117
	1400/1755 loss:0.117
	1500/1755 loss:0.116
	1600/1755 loss:0.116
	1700/1755 loss:0.115
	loss: 0.115241
test
	100/197 loss:1.586
	loss: 1.434803

Epoch 101/200
----------
train
	100/1755 loss:0.088
	200/1755 loss:0.089
	300/1755 loss:0.089
	400/1755 loss:0.089
	500/1755 loss:0.089
	600/1755 loss:0.090
	700/1755 loss:0.089
	800/1755 loss:0.089
	900/1755 loss:0.090
	1000/1755 loss:0.091
	1100/1755 loss:0.092
	1200/1755 loss:0.092
	1300/1755 loss:0.092
	1400/1755 loss:0.093
	1500/1755 loss:0.094
	1600/1755 loss:0.094
	1700/1755 loss:0.094
	loss: 0.093794
test
	100/197 loss:1.583
	loss: 1.470417

Epoch 102/200
----------
train
	100/1755 loss:0.083
	200/1755 loss:0.083
	300/1755 loss:0.083
	400/1755 loss:0.082
	500/1755 loss:0.083
	600/1755 loss:0.083
	700/1755 loss:0.083
	800/1755 loss:0.084
	900/1755 loss:0.084
	1000/1755 loss:0.085
	1100/1755 loss:0.085
	1200/1755 loss:0.086
	1300/1755 loss:0.086
	1400/1755 loss:0.086
	1500/1755 loss:0.086
	1600/1755 loss:0.086
	1700/1755 loss:0.087
	loss: 0.087336
test
	100/197 loss:1.507
	loss: 1.468584

Epoch 103/200
----------
train
	100/1755 loss:0.070
	200/1755 loss:0.071
	300/1755 loss:0.071
	400/1755 loss:0.073
	500/1755 loss:0.075
	600/1755 loss:0.074
	700/1755 loss:0.075
	800/1755 loss:0.077
	900/1755 loss:0.078
	1000/1755 loss:0.078
	1100/1755 loss:0.078
	1200/1755 loss:0.078
	1300/1755 loss:0.078
	1400/1755 loss:0.079
	1500/1755 loss:0.079
	1600/1755 loss:0.079
	1700/1755 loss:0.080
	loss: 0.081119
test
	100/197 loss:1.529
	loss: 1.453536

Epoch 104/200
----------
train
	100/1755 loss:0.062
	200/1755 loss:0.064
	300/1755 loss:0.067
	400/1755 loss:0.068
	500/1755 loss:0.069
	600/1755 loss:0.070
	700/1755 loss:0.071
	800/1755 loss:0.072
	900/1755 loss:0.074
	1000/1755 loss:0.075
	1100/1755 loss:0.076
	1200/1755 loss:0.076
	1300/1755 loss:0.076
	1400/1755 loss:0.077
	1500/1755 loss:0.078
	1600/1755 loss:0.078
	1700/1755 loss:0.078
	loss: 0.078609
test
	100/197 loss:1.635
	loss: 1.527083

Epoch 105/200
----------
train
	100/1755 loss:0.064
	200/1755 loss:0.065
	300/1755 loss:0.071
	400/1755 loss:0.071
	500/1755 loss:0.072
	600/1755 loss:0.071
	700/1755 loss:0.071
	800/1755 loss:0.072
	900/1755 loss:0.072
	1000/1755 loss:0.072
	1100/1755 loss:0.073
	1200/1755 loss:0.074
	1300/1755 loss:0.075
	1400/1755 loss:0.075
	1500/1755 loss:0.075
	1600/1755 loss:0.075
	1700/1755 loss:0.075
	loss: 0.075217
test
	100/197 loss:1.720
	loss: 1.505712

Epoch 106/200
----------
train
	100/1755 loss:0.068
	200/1755 loss:0.068
	300/1755 loss:0.065
	400/1755 loss:0.063
	500/1755 loss:0.063
	600/1755 loss:0.065
	700/1755 loss:0.065
	800/1755 loss:0.066
	900/1755 loss:0.067
	1000/1755 loss:0.067
	1100/1755 loss:0.068
	1200/1755 loss:0.069
	1300/1755 loss:0.070
	1400/1755 loss:0.071
	1500/1755 loss:0.071
	1600/1755 loss:0.072
	1700/1755 loss:0.073
	loss: 0.073033
test
	100/197 loss:1.650
	loss: 1.496478

Epoch 107/200
----------
train
	100/1755 loss:0.074
	200/1755 loss:0.070
	300/1755 loss:0.068
	400/1755 loss:0.068
	500/1755 loss:0.069
	600/1755 loss:0.069
	700/1755 loss:0.069
	800/1755 loss:0.069
	900/1755 loss:0.070
	1000/1755 loss:0.071
	1100/1755 loss:0.072
	1200/1755 loss:0.071
	1300/1755 loss:0.072
	1400/1755 loss:0.072
	1500/1755 loss:0.073
	1600/1755 loss:0.073
	1700/1755 loss:0.073
	loss: 0.072896
test
	100/197 loss:1.621
	loss: 1.493643

Epoch 108/200
----------
train
	100/1755 loss:0.068
	200/1755 loss:0.070
	300/1755 loss:0.067
	400/1755 loss:0.068
	500/1755 loss:0.069
	600/1755 loss:0.068
	700/1755 loss:0.068
	800/1755 loss:0.069
	900/1755 loss:0.069
	1000/1755 loss:0.070
	1100/1755 loss:0.070
	1200/1755 loss:0.070
	1300/1755 loss:0.070
	1400/1755 loss:0.070
	1500/1755 loss:0.071
	1600/1755 loss:0.071
	1700/1755 loss:0.072
	loss: 0.072531
test
	100/197 loss:1.627
	loss: 1.522448

Epoch 109/200
----------
train
	100/1755 loss:0.061
	200/1755 loss:0.061
	300/1755 loss:0.059
	400/1755 loss:0.059
	500/1755 loss:0.061
	600/1755 loss:0.061
	700/1755 loss:0.062
	800/1755 loss:0.063
	900/1755 loss:0.064
	1000/1755 loss:0.065
	1100/1755 loss:0.066
	1200/1755 loss:0.067
	1300/1755 loss:0.068
	1400/1755 loss:0.068
	1500/1755 loss:0.070
	1600/1755 loss:0.070
	1700/1755 loss:0.071
	loss: 0.071171
test
	100/197 loss:1.722
	loss: 1.528490

Epoch 110/200
----------
train
	100/1755 loss:0.061
	200/1755 loss:0.063
	300/1755 loss:0.064
	400/1755 loss:0.063
	500/1755 loss:0.062
	600/1755 loss:0.062
	700/1755 loss:0.063
	800/1755 loss:0.064
	900/1755 loss:0.064
	1000/1755 loss:0.064
	1100/1755 loss:0.065
	1200/1755 loss:0.067
	1300/1755 loss:0.067
	1400/1755 loss:0.067
	1500/1755 loss:0.067
	1600/1755 loss:0.068
	1700/1755 loss:0.068
	loss: 0.068035
test
	100/197 loss:1.620
	loss: 1.525078

Epoch 111/200
----------
train
	100/1755 loss:0.056
	200/1755 loss:0.053
	300/1755 loss:0.058
	400/1755 loss:0.056
	500/1755 loss:0.059
	600/1755 loss:0.059
	700/1755 loss:0.060
	800/1755 loss:0.061
	900/1755 loss:0.063
	1000/1755 loss:0.064
	1100/1755 loss:0.065
	1200/1755 loss:0.066
	1300/1755 loss:0.066
	1400/1755 loss:0.065
	1500/1755 loss:0.066
	1600/1755 loss:0.067
	1700/1755 loss:0.067
	loss: 0.067083
test
	100/197 loss:1.764
	loss: 1.554005

Epoch 112/200
----------
train
	100/1755 loss:0.055
	200/1755 loss:0.056
	300/1755 loss:0.056
	400/1755 loss:0.058
	500/1755 loss:0.058
	600/1755 loss:0.059
	700/1755 loss:0.060
	800/1755 loss:0.061
	900/1755 loss:0.062
	1000/1755 loss:0.063
	1100/1755 loss:0.063
	1200/1755 loss:0.064
	1300/1755 loss:0.065
	1400/1755 loss:0.066
	1500/1755 loss:0.067
	1600/1755 loss:0.069
	1700/1755 loss:0.069
	loss: 0.069407
test
	100/197 loss:1.548
	loss: 1.499086

Epoch 113/200
----------
train
	100/1755 loss:0.063
	200/1755 loss:0.065
	300/1755 loss:0.063
	400/1755 loss:0.064
	500/1755 loss:0.064
	600/1755 loss:0.064
	700/1755 loss:0.064
	800/1755 loss:0.064
	900/1755 loss:0.065
	1000/1755 loss:0.064
	1100/1755 loss:0.064
	1200/1755 loss:0.065
	1300/1755 loss:0.065
	1400/1755 loss:0.066
	1500/1755 loss:0.067
	1600/1755 loss:0.068
	1700/1755 loss:0.068
	loss: 0.069011
test
	100/197 loss:1.682
	loss: 1.541457

Epoch 114/200
----------
train
	100/1755 loss:0.066
	200/1755 loss:0.061
	300/1755 loss:0.060
	400/1755 loss:0.060
	500/1755 loss:0.060
	600/1755 loss:0.061
	700/1755 loss:0.062
	800/1755 loss:0.062
	900/1755 loss:0.063
	1000/1755 loss:0.063
	1100/1755 loss:0.064
	1200/1755 loss:0.064
	1300/1755 loss:0.064
	1400/1755 loss:0.065
	1500/1755 loss:0.065
	1600/1755 loss:0.066
	1700/1755 loss:0.067
	loss: 0.066950
test
	100/197 loss:1.585
	loss: 1.517929

Epoch 115/200
----------
train
	100/1755 loss:0.069
	200/1755 loss:0.069
	300/1755 loss:0.065
	400/1755 loss:0.064
	500/1755 loss:0.064
	600/1755 loss:0.065
	700/1755 loss:0.064
	800/1755 loss:0.065
	900/1755 loss:0.065
	1000/1755 loss:0.066
	1100/1755 loss:0.066
	1200/1755 loss:0.066
	1300/1755 loss:0.066
	1400/1755 loss:0.066
	1500/1755 loss:0.067
	1600/1755 loss:0.067
	1700/1755 loss:0.068
	loss: 0.068039
test
	100/197 loss:1.576
	loss: 1.525021

Epoch 116/200
----------
train
	100/1755 loss:0.053
	200/1755 loss:0.053
	300/1755 loss:0.054
	400/1755 loss:0.055
	500/1755 loss:0.056
	600/1755 loss:0.059
	700/1755 loss:0.060
	800/1755 loss:0.062
	900/1755 loss:0.062
	1000/1755 loss:0.062
	1100/1755 loss:0.062
	1200/1755 loss:0.063
	1300/1755 loss:0.064
	1400/1755 loss:0.064
	1500/1755 loss:0.064
	1600/1755 loss:0.065
	1700/1755 loss:0.066
	loss: 0.065467
test
	100/197 loss:1.700
	loss: 1.528288

Epoch 117/200
----------
train
	100/1755 loss:0.060
	200/1755 loss:0.066
	300/1755 loss:0.063
	400/1755 loss:0.062
	500/1755 loss:0.062
	600/1755 loss:0.062
	700/1755 loss:0.064
	800/1755 loss:0.065
	900/1755 loss:0.066
	1000/1755 loss:0.066
	1100/1755 loss:0.066
	1200/1755 loss:0.066
	1300/1755 loss:0.067
	1400/1755 loss:0.068
	1500/1755 loss:0.068
	1600/1755 loss:0.069
	1700/1755 loss:0.069
	loss: 0.068899
test
	100/197 loss:1.726
	loss: 1.545078

Epoch 118/200
----------
train
	100/1755 loss:0.056
	200/1755 loss:0.053
	300/1755 loss:0.053
	400/1755 loss:0.054
	500/1755 loss:0.055
	600/1755 loss:0.056
	700/1755 loss:0.057
	800/1755 loss:0.058
	900/1755 loss:0.060
	1000/1755 loss:0.061
	1100/1755 loss:0.061
	1200/1755 loss:0.061
	1300/1755 loss:0.062
	1400/1755 loss:0.063
	1500/1755 loss:0.064
	1600/1755 loss:0.065
	1700/1755 loss:0.065
	loss: 0.065362
test
	100/197 loss:1.679
	loss: 1.530804

Epoch 119/200
----------
train
	100/1755 loss:0.058
	200/1755 loss:0.058
	300/1755 loss:0.059
	400/1755 loss:0.060
	500/1755 loss:0.062
	600/1755 loss:0.061
	700/1755 loss:0.061
	800/1755 loss:0.060
	900/1755 loss:0.060
	1000/1755 loss:0.061
	1100/1755 loss:0.061
	1200/1755 loss:0.062
	1300/1755 loss:0.061
	1400/1755 loss:0.062
	1500/1755 loss:0.062
	1600/1755 loss:0.063
	1700/1755 loss:0.064
	loss: 0.063745
test
	100/197 loss:1.624
	loss: 1.537620

Epoch 120/200
----------
train
	100/1755 loss:0.058
	200/1755 loss:0.058
	300/1755 loss:0.058
	400/1755 loss:0.057
	500/1755 loss:0.058
	600/1755 loss:0.058
	700/1755 loss:0.059
	800/1755 loss:0.059
	900/1755 loss:0.059
	1000/1755 loss:0.060
	1100/1755 loss:0.061
	1200/1755 loss:0.061
	1300/1755 loss:0.062
	1400/1755 loss:0.063
	1500/1755 loss:0.064
	1600/1755 loss:0.064
	1700/1755 loss:0.064
	loss: 0.064916
test
	100/197 loss:1.679
	loss: 1.561685

Epoch 121/200
----------
train
	100/1755 loss:0.061
	200/1755 loss:0.065
	300/1755 loss:0.064
	400/1755 loss:0.062
	500/1755 loss:0.060
	600/1755 loss:0.060
	700/1755 loss:0.061
	800/1755 loss:0.060
	900/1755 loss:0.060
	1000/1755 loss:0.061
	1100/1755 loss:0.060
	1200/1755 loss:0.061
	1300/1755 loss:0.061
	1400/1755 loss:0.062
	1500/1755 loss:0.062
	1600/1755 loss:0.063
	1700/1755 loss:0.064
	loss: 0.064260
test
	100/197 loss:1.705
	loss: 1.539523

Epoch 122/200
----------
train
	100/1755 loss:0.058
	200/1755 loss:0.058
	300/1755 loss:0.059
	400/1755 loss:0.060
	500/1755 loss:0.060
	600/1755 loss:0.060
	700/1755 loss:0.061
	800/1755 loss:0.061
	900/1755 loss:0.062
	1000/1755 loss:0.063
	1100/1755 loss:0.063
	1200/1755 loss:0.064
	1300/1755 loss:0.064
	1400/1755 loss:0.064
	1500/1755 loss:0.065
	1600/1755 loss:0.065
	1700/1755 loss:0.066
	loss: 0.065830
test
	100/197 loss:1.606
	loss: 1.518662

Epoch 123/200
----------
train
	100/1755 loss:0.054
	200/1755 loss:0.053
	300/1755 loss:0.056
	400/1755 loss:0.056
	500/1755 loss:0.055
	600/1755 loss:0.056
	700/1755 loss:0.057
	800/1755 loss:0.058
	900/1755 loss:0.060
	1000/1755 loss:0.060
	1100/1755 loss:0.060
	1200/1755 loss:0.061
	1300/1755 loss:0.062
	1400/1755 loss:0.063
	1500/1755 loss:0.063
	1600/1755 loss:0.063
	1700/1755 loss:0.065
	loss: 0.065584
test
	100/197 loss:1.775
	loss: 1.585895

Epoch 124/200
----------
train
	100/1755 loss:0.066
	200/1755 loss:0.062
	300/1755 loss:0.063
	400/1755 loss:0.064
	500/1755 loss:0.062
	600/1755 loss:0.062
	700/1755 loss:0.061
	800/1755 loss:0.062
	900/1755 loss:0.062
	1000/1755 loss:0.063
	1100/1755 loss:0.063
	1200/1755 loss:0.063
	1300/1755 loss:0.063
	1400/1755 loss:0.063
	1500/1755 loss:0.063
	1600/1755 loss:0.064
	1700/1755 loss:0.064
	loss: 0.063668
test
	100/197 loss:1.752
	loss: 1.546342

Epoch 125/200
----------
train
	100/1755 loss:0.066
	200/1755 loss:0.057
	300/1755 loss:0.057
	400/1755 loss:0.057
	500/1755 loss:0.058
	600/1755 loss:0.058
	700/1755 loss:0.060
	800/1755 loss:0.060
	900/1755 loss:0.061
	1000/1755 loss:0.062
	1100/1755 loss:0.064
	1200/1755 loss:0.064
	1300/1755 loss:0.065
	1400/1755 loss:0.065
	1500/1755 loss:0.065
	1600/1755 loss:0.065
	1700/1755 loss:0.066
	loss: 0.065591
test
	100/197 loss:1.707
	loss: 1.535891

Epoch 126/200
----------
train
	100/1755 loss:0.046
	200/1755 loss:0.054
	300/1755 loss:0.056
	400/1755 loss:0.058
	500/1755 loss:0.058
	600/1755 loss:0.058
	700/1755 loss:0.060
	800/1755 loss:0.060
	900/1755 loss:0.060
	1000/1755 loss:0.060
	1100/1755 loss:0.060
	1200/1755 loss:0.061
	1300/1755 loss:0.062
	1400/1755 loss:0.063
	1500/1755 loss:0.063
	1600/1755 loss:0.065
	1700/1755 loss:0.066
	loss: 0.065585
test
	100/197 loss:1.679
	loss: 1.546937

Epoch 127/200
----------
train
	100/1755 loss:0.072
	200/1755 loss:0.063
	300/1755 loss:0.061
	400/1755 loss:0.059
	500/1755 loss:0.061
	600/1755 loss:0.061
	700/1755 loss:0.061
	800/1755 loss:0.062
	900/1755 loss:0.062
	1000/1755 loss:0.063
	1100/1755 loss:0.062
	1200/1755 loss:0.063
	1300/1755 loss:0.063
	1400/1755 loss:0.063
	1500/1755 loss:0.063
	1600/1755 loss:0.063
	1700/1755 loss:0.063
	loss: 0.063547
test
	100/197 loss:1.656
	loss: 1.537496

Epoch 128/200
----------
train
	100/1755 loss:0.054
	200/1755 loss:0.056
	300/1755 loss:0.059
	400/1755 loss:0.058
	500/1755 loss:0.058
	600/1755 loss:0.060
	700/1755 loss:0.060
	800/1755 loss:0.060
	900/1755 loss:0.061
	1000/1755 loss:0.062
	1100/1755 loss:0.062
	1200/1755 loss:0.062
	1300/1755 loss:0.063
	1400/1755 loss:0.063
	1500/1755 loss:0.064
	1600/1755 loss:0.064
	1700/1755 loss:0.064
	loss: 0.064539
test
	100/197 loss:1.647
	loss: 1.559478

Epoch 129/200
----------
train
	100/1755 loss:0.052
	200/1755 loss:0.051
	300/1755 loss:0.054
	400/1755 loss:0.057
	500/1755 loss:0.059
	600/1755 loss:0.058
	700/1755 loss:0.060
	800/1755 loss:0.059
	900/1755 loss:0.059
	1000/1755 loss:0.060
	1100/1755 loss:0.060
	1200/1755 loss:0.061
	1300/1755 loss:0.062
	1400/1755 loss:0.062
	1500/1755 loss:0.062
	1600/1755 loss:0.063
	1700/1755 loss:0.063
	loss: 0.063426
test
	100/197 loss:1.671
	loss: 1.554529

Epoch 130/200
----------
train
	100/1755 loss:0.061
	200/1755 loss:0.055
	300/1755 loss:0.056
	400/1755 loss:0.055
	500/1755 loss:0.057
	600/1755 loss:0.058
	700/1755 loss:0.059
	800/1755 loss:0.058
	900/1755 loss:0.057
	1000/1755 loss:0.058
	1100/1755 loss:0.060
	1200/1755 loss:0.060
	1300/1755 loss:0.061
	1400/1755 loss:0.062
	1500/1755 loss:0.062
	1600/1755 loss:0.062
	1700/1755 loss:0.063
	loss: 0.062441
test
	100/197 loss:1.770
	loss: 1.560121

Epoch 131/200
----------
train
	100/1755 loss:0.054
	200/1755 loss:0.056
	300/1755 loss:0.055
	400/1755 loss:0.056
	500/1755 loss:0.058
	600/1755 loss:0.059
	700/1755 loss:0.059
	800/1755 loss:0.060
	900/1755 loss:0.061
	1000/1755 loss:0.062
	1100/1755 loss:0.062
	1200/1755 loss:0.063
	1300/1755 loss:0.065
	1400/1755 loss:0.065
	1500/1755 loss:0.066
	1600/1755 loss:0.066
	1700/1755 loss:0.066
	loss: 0.066250
test
	100/197 loss:1.587
	loss: 1.565724

Epoch 132/200
----------
train
	100/1755 loss:0.053
	200/1755 loss:0.054
	300/1755 loss:0.055
	400/1755 loss:0.054
	500/1755 loss:0.055
	600/1755 loss:0.056
	700/1755 loss:0.056
	800/1755 loss:0.057
	900/1755 loss:0.057
	1000/1755 loss:0.058
	1100/1755 loss:0.058
	1200/1755 loss:0.058
	1300/1755 loss:0.059
	1400/1755 loss:0.059
	1500/1755 loss:0.059
	1600/1755 loss:0.060
	1700/1755 loss:0.060
	loss: 0.060543
test
	100/197 loss:1.666
	loss: 1.572205

Epoch 133/200
----------
train
	100/1755 loss:0.053
	200/1755 loss:0.053
	300/1755 loss:0.055
	400/1755 loss:0.054
	500/1755 loss:0.055
	600/1755 loss:0.057
	700/1755 loss:0.058
	800/1755 loss:0.059
	900/1755 loss:0.060
	1000/1755 loss:0.060
	1100/1755 loss:0.061
	1200/1755 loss:0.061
	1300/1755 loss:0.061
	1400/1755 loss:0.062
	1500/1755 loss:0.061
	1600/1755 loss:0.062
	1700/1755 loss:0.063
	loss: 0.062632
test
	100/197 loss:1.626
	loss: 1.567153

Epoch 134/200
----------
train
	100/1755 loss:0.060
	200/1755 loss:0.061
	300/1755 loss:0.061
	400/1755 loss:0.063
	500/1755 loss:0.062
	600/1755 loss:0.063
	700/1755 loss:0.062
	800/1755 loss:0.061
	900/1755 loss:0.061
	1000/1755 loss:0.060
	1100/1755 loss:0.061
	1200/1755 loss:0.062
	1300/1755 loss:0.063
	1400/1755 loss:0.064
	1500/1755 loss:0.064
	1600/1755 loss:0.065
	1700/1755 loss:0.065
	loss: 0.064859
test
	100/197 loss:1.647
	loss: 1.561024

Epoch 135/200
----------
train
	100/1755 loss:0.063
	200/1755 loss:0.061
	300/1755 loss:0.057
	400/1755 loss:0.057
	500/1755 loss:0.058
	600/1755 loss:0.058
	700/1755 loss:0.060
	800/1755 loss:0.060
	900/1755 loss:0.060
	1000/1755 loss:0.061
	1100/1755 loss:0.063
	1200/1755 loss:0.063
	1300/1755 loss:0.063
	1400/1755 loss:0.063
	1500/1755 loss:0.064
	1600/1755 loss:0.065
	1700/1755 loss:0.066
	loss: 0.065687
test
	100/197 loss:1.735
	loss: 1.570582

Epoch 136/200
----------
train
	100/1755 loss:0.062
	200/1755 loss:0.057
	300/1755 loss:0.059
	400/1755 loss:0.058
	500/1755 loss:0.056
	600/1755 loss:0.057
	700/1755 loss:0.058
	800/1755 loss:0.059
	900/1755 loss:0.059
	1000/1755 loss:0.060
	1100/1755 loss:0.061
	1200/1755 loss:0.062
	1300/1755 loss:0.062
	1400/1755 loss:0.063
	1500/1755 loss:0.063
	1600/1755 loss:0.063
	1700/1755 loss:0.064
	loss: 0.063869
test
	100/197 loss:1.691
	loss: 1.556826

Epoch 137/200
----------
train
	100/1755 loss:0.056
	200/1755 loss:0.056
	300/1755 loss:0.055
	400/1755 loss:0.056
	500/1755 loss:0.056
	600/1755 loss:0.056
	700/1755 loss:0.056
	800/1755 loss:0.057
	900/1755 loss:0.057
	1000/1755 loss:0.057
	1100/1755 loss:0.058
	1200/1755 loss:0.058
	1300/1755 loss:0.059
	1400/1755 loss:0.060
	1500/1755 loss:0.060
	1600/1755 loss:0.060
	1700/1755 loss:0.061
	loss: 0.061682
test
	100/197 loss:1.732
	loss: 1.608799

Epoch 138/200
----------
train
	100/1755 loss:0.062
	200/1755 loss:0.060
	300/1755 loss:0.057
	400/1755 loss:0.058
	500/1755 loss:0.060
	600/1755 loss:0.060
	700/1755 loss:0.060
	800/1755 loss:0.060
	900/1755 loss:0.060
	1000/1755 loss:0.060
	1100/1755 loss:0.061
	1200/1755 loss:0.062
	1300/1755 loss:0.062
	1400/1755 loss:0.062
	1500/1755 loss:0.062
	1600/1755 loss:0.062
	1700/1755 loss:0.062
	loss: 0.061856
test
	100/197 loss:1.729
	loss: 1.621634

Epoch 139/200
----------
train
	100/1755 loss:0.058
	200/1755 loss:0.059
	300/1755 loss:0.056
	400/1755 loss:0.056
	500/1755 loss:0.057
	600/1755 loss:0.058
	700/1755 loss:0.059
	800/1755 loss:0.061
	900/1755 loss:0.060
	1000/1755 loss:0.061
	1100/1755 loss:0.062
	1200/1755 loss:0.062
	1300/1755 loss:0.063
	1400/1755 loss:0.063
	1500/1755 loss:0.063
	1600/1755 loss:0.064
	1700/1755 loss:0.065
	loss: 0.065737
test
	100/197 loss:1.736
	loss: 1.616863

Epoch 140/200
----------
train
	100/1755 loss:0.055
	200/1755 loss:0.052
	300/1755 loss:0.054
	400/1755 loss:0.053
	500/1755 loss:0.054
	600/1755 loss:0.054
	700/1755 loss:0.055
	800/1755 loss:0.055
	900/1755 loss:0.056
	1000/1755 loss:0.056
	1100/1755 loss:0.057
	1200/1755 loss:0.058
	1300/1755 loss:0.059
	1400/1755 loss:0.060
	1500/1755 loss:0.061
	1600/1755 loss:0.062
	1700/1755 loss:0.062
	loss: 0.062375
test
	100/197 loss:1.746
	loss: 1.629915

Epoch 141/200
----------
train
	100/1755 loss:0.052
	200/1755 loss:0.055
	300/1755 loss:0.055
	400/1755 loss:0.058
	500/1755 loss:0.057
	600/1755 loss:0.058
	700/1755 loss:0.059
	800/1755 loss:0.060
	900/1755 loss:0.059
	1000/1755 loss:0.059
	1100/1755 loss:0.060
	1200/1755 loss:0.060
	1300/1755 loss:0.060
	1400/1755 loss:0.061
	1500/1755 loss:0.062
	1600/1755 loss:0.062
	1700/1755 loss:0.063
	loss: 0.063255
test
	100/197 loss:1.630
	loss: 1.571957

Epoch 142/200
----------
train
	100/1755 loss:0.056
	200/1755 loss:0.058
	300/1755 loss:0.061
	400/1755 loss:0.060
	500/1755 loss:0.062
	600/1755 loss:0.062
	700/1755 loss:0.062
	800/1755 loss:0.062
	900/1755 loss:0.062
	1000/1755 loss:0.062
	1100/1755 loss:0.063
	1200/1755 loss:0.063
	1300/1755 loss:0.063
	1400/1755 loss:0.063
	1500/1755 loss:0.063
	1600/1755 loss:0.064
	1700/1755 loss:0.064
	loss: 0.064831
test
	100/197 loss:1.900
	loss: 1.675263

Epoch 143/200
----------
train
	100/1755 loss:0.062
	200/1755 loss:0.061
	300/1755 loss:0.059
	400/1755 loss:0.059
	500/1755 loss:0.059
	600/1755 loss:0.059
	700/1755 loss:0.060
	800/1755 loss:0.060
	900/1755 loss:0.060
	1000/1755 loss:0.059
	1100/1755 loss:0.060
	1200/1755 loss:0.060
	1300/1755 loss:0.061
	1400/1755 loss:0.061
	1500/1755 loss:0.061
	1600/1755 loss:0.062
	1700/1755 loss:0.062
	loss: 0.062893
test
	100/197 loss:1.649
	loss: 1.632883

Epoch 144/200
----------
train
	100/1755 loss:0.054
	200/1755 loss:0.056
	300/1755 loss:0.057
	400/1755 loss:0.060
	500/1755 loss:0.062
	600/1755 loss:0.061
	700/1755 loss:0.061
	800/1755 loss:0.062
	900/1755 loss:0.062
	1000/1755 loss:0.062
	1100/1755 loss:0.062
	1200/1755 loss:0.062
	1300/1755 loss:0.062
	1400/1755 loss:0.062
	1500/1755 loss:0.062
	1600/1755 loss:0.063
	1700/1755 loss:0.063
	loss: 0.063143
test
	100/197 loss:1.699
	loss: 1.569278

Epoch 145/200
----------
train
	100/1755 loss:0.061
	200/1755 loss:0.057
	300/1755 loss:0.057
	400/1755 loss:0.058
	500/1755 loss:0.060
	600/1755 loss:0.061
	700/1755 loss:0.061
	800/1755 loss:0.063
	900/1755 loss:0.063
	1000/1755 loss:0.064
	1100/1755 loss:0.065
	1200/1755 loss:0.065
	1300/1755 loss:0.066
	1400/1755 loss:0.065
	1500/1755 loss:0.065
	1600/1755 loss:0.066
	1700/1755 loss:0.066
	loss: 0.066244
test
	100/197 loss:1.718
	loss: 1.602404

Epoch 146/200
----------
train
	100/1755 loss:0.058
	200/1755 loss:0.059
	300/1755 loss:0.057
	400/1755 loss:0.057
	500/1755 loss:0.059
	600/1755 loss:0.058
	700/1755 loss:0.058
	800/1755 loss:0.060
	900/1755 loss:0.060
	1000/1755 loss:0.061
	1100/1755 loss:0.061
	1200/1755 loss:0.062
	1300/1755 loss:0.062
	1400/1755 loss:0.062
	1500/1755 loss:0.063
	1600/1755 loss:0.063
	1700/1755 loss:0.064
	loss: 0.064339
test
	100/197 loss:1.687
	loss: 1.608005

Epoch 147/200
----------
train
	100/1755 loss:0.064
	200/1755 loss:0.060
	300/1755 loss:0.059
	400/1755 loss:0.058
	500/1755 loss:0.058
	600/1755 loss:0.057
	700/1755 loss:0.058
	800/1755 loss:0.057
	900/1755 loss:0.058
	1000/1755 loss:0.058
	1100/1755 loss:0.059
	1200/1755 loss:0.060
	1300/1755 loss:0.061
	1400/1755 loss:0.062
	1500/1755 loss:0.062
	1600/1755 loss:0.062
	1700/1755 loss:0.063
	loss: 0.062725
test
	100/197 loss:1.712
	loss: 1.595991

Epoch 148/200
----------
train
	100/1755 loss:0.062
	200/1755 loss:0.060
	300/1755 loss:0.061
	400/1755 loss:0.061
	500/1755 loss:0.062
	600/1755 loss:0.061
	700/1755 loss:0.061
	800/1755 loss:0.061
	900/1755 loss:0.062
	1000/1755 loss:0.063
	1100/1755 loss:0.064
	1200/1755 loss:0.064
	1300/1755 loss:0.064
	1400/1755 loss:0.064
	1500/1755 loss:0.065
	1600/1755 loss:0.065
	1700/1755 loss:0.066
	loss: 0.066444
test
	100/197 loss:1.610
	loss: 1.578637

Epoch 149/200
----------
train
	100/1755 loss:0.057
	200/1755 loss:0.059
	300/1755 loss:0.060
	400/1755 loss:0.062
	500/1755 loss:0.060
	600/1755 loss:0.060
	700/1755 loss:0.059
	800/1755 loss:0.059
	900/1755 loss:0.061
	1000/1755 loss:0.061
	1100/1755 loss:0.061
	1200/1755 loss:0.062
	1300/1755 loss:0.062
	1400/1755 loss:0.063
	1500/1755 loss:0.064
	1600/1755 loss:0.065
	1700/1755 loss:0.064
	loss: 0.064353
test
	100/197 loss:1.667
	loss: 1.609215

Epoch 150/200
----------
train
	100/1755 loss:0.053
	200/1755 loss:0.050
	300/1755 loss:0.048
	400/1755 loss:0.048
	500/1755 loss:0.048
	600/1755 loss:0.048
	700/1755 loss:0.047
	800/1755 loss:0.045
	900/1755 loss:0.045
	1000/1755 loss:0.044
	1100/1755 loss:0.044
	1200/1755 loss:0.043
	1300/1755 loss:0.043
	1400/1755 loss:0.043
	1500/1755 loss:0.042
	1600/1755 loss:0.043
	1700/1755 loss:0.043
	loss: 0.042573
test
	100/197 loss:1.660
	loss: 1.560505

Epoch 151/200
----------
train
	100/1755 loss:0.033
	200/1755 loss:0.033
	300/1755 loss:0.032
	400/1755 loss:0.033
	500/1755 loss:0.033
	600/1755 loss:0.034
	700/1755 loss:0.034
	800/1755 loss:0.034
	900/1755 loss:0.034
	1000/1755 loss:0.034
	1100/1755 loss:0.035
	1200/1755 loss:0.035
	1300/1755 loss:0.035
	1400/1755 loss:0.035
	1500/1755 loss:0.035
	1600/1755 loss:0.036
	1700/1755 loss:0.036
	loss: 0.036126
test
	100/197 loss:1.740
	loss: 1.576697

Epoch 152/200
----------
train
	100/1755 loss:0.035
	200/1755 loss:0.033
	300/1755 loss:0.033
	400/1755 loss:0.034
	500/1755 loss:0.034
	600/1755 loss:0.034
	700/1755 loss:0.034
	800/1755 loss:0.035
	900/1755 loss:0.035
	1000/1755 loss:0.035
	1100/1755 loss:0.035
	1200/1755 loss:0.034
	1300/1755 loss:0.034
	1400/1755 loss:0.034
	1500/1755 loss:0.034
	1600/1755 loss:0.034
	1700/1755 loss:0.034
	loss: 0.034364
test
	100/197 loss:1.709
	loss: 1.565815

Epoch 153/200
----------
train
	100/1755 loss:0.032
	200/1755 loss:0.031
	300/1755 loss:0.032
	400/1755 loss:0.032
	500/1755 loss:0.033
	600/1755 loss:0.033
	700/1755 loss:0.033
	800/1755 loss:0.032
	900/1755 loss:0.032
	1000/1755 loss:0.032
	1100/1755 loss:0.033
	1200/1755 loss:0.033
	1300/1755 loss:0.033
	1400/1755 loss:0.033
	1500/1755 loss:0.033
	1600/1755 loss:0.033
	1700/1755 loss:0.033
	loss: 0.033391
test
	100/197 loss:1.739
	loss: 1.577894

Epoch 154/200
----------
train
	100/1755 loss:0.031
	200/1755 loss:0.029
	300/1755 loss:0.029
	400/1755 loss:0.029
	500/1755 loss:0.030
	600/1755 loss:0.030
	700/1755 loss:0.031
	800/1755 loss:0.031
	900/1755 loss:0.031
	1000/1755 loss:0.031
	1100/1755 loss:0.031
	1200/1755 loss:0.031
	1300/1755 loss:0.032
	1400/1755 loss:0.032
	1500/1755 loss:0.032
	1600/1755 loss:0.033
	1700/1755 loss:0.032
	loss: 0.032394
test
	100/197 loss:1.670
	loss: 1.562410

Epoch 155/200
----------
train
	100/1755 loss:0.029
	200/1755 loss:0.029
	300/1755 loss:0.030
	400/1755 loss:0.029
	500/1755 loss:0.029
	600/1755 loss:0.029
	700/1755 loss:0.030
	800/1755 loss:0.030
	900/1755 loss:0.030
	1000/1755 loss:0.032
	1100/1755 loss:0.031
	1200/1755 loss:0.031
	1300/1755 loss:0.031
	1400/1755 loss:0.031
	1500/1755 loss:0.031
	1600/1755 loss:0.031
	1700/1755 loss:0.031
	loss: 0.031379
test
	100/197 loss:1.743
	loss: 1.587826

Epoch 156/200
----------
train
	100/1755 loss:0.032
	200/1755 loss:0.029
	300/1755 loss:0.029
	400/1755 loss:0.030
	500/1755 loss:0.030
	600/1755 loss:0.031
	700/1755 loss:0.032
	800/1755 loss:0.031
	900/1755 loss:0.031
	1000/1755 loss:0.031
	1100/1755 loss:0.031
	1200/1755 loss:0.031
	1300/1755 loss:0.031
	1400/1755 loss:0.032
	1500/1755 loss:0.032
	1600/1755 loss:0.032
	1700/1755 loss:0.032
	loss: 0.031507
test
	100/197 loss:1.736
	loss: 1.595028

Epoch 157/200
----------
train
	100/1755 loss:0.033
	200/1755 loss:0.032
	300/1755 loss:0.031
	400/1755 loss:0.030
	500/1755 loss:0.030
	600/1755 loss:0.030
	700/1755 loss:0.031
	800/1755 loss:0.030
	900/1755 loss:0.031
	1000/1755 loss:0.031
	1100/1755 loss:0.031
	1200/1755 loss:0.031
	1300/1755 loss:0.030
	1400/1755 loss:0.031
	1500/1755 loss:0.031
	1600/1755 loss:0.031
	1700/1755 loss:0.031
	loss: 0.030994
test
	100/197 loss:1.676
	loss: 1.585159

Epoch 158/200
----------
train
	100/1755 loss:0.036
	200/1755 loss:0.034
	300/1755 loss:0.033
	400/1755 loss:0.033
	500/1755 loss:0.032
	600/1755 loss:0.032
	700/1755 loss:0.032
	800/1755 loss:0.032
	900/1755 loss:0.032
	1000/1755 loss:0.031
	1100/1755 loss:0.031
	1200/1755 loss:0.031
	1300/1755 loss:0.031
	1400/1755 loss:0.031
	1500/1755 loss:0.031
	1600/1755 loss:0.031
	1700/1755 loss:0.031
	loss: 0.031113
test
	100/197 loss:1.780
	loss: 1.616673

Epoch 159/200
----------
train
	100/1755 loss:0.028
	200/1755 loss:0.028
	300/1755 loss:0.031
	400/1755 loss:0.031
	500/1755 loss:0.031
	600/1755 loss:0.030
	700/1755 loss:0.030
	800/1755 loss:0.030
	900/1755 loss:0.030
	1000/1755 loss:0.030
	1100/1755 loss:0.030
	1200/1755 loss:0.030
	1300/1755 loss:0.030
	1400/1755 loss:0.030
	1500/1755 loss:0.030
	1600/1755 loss:0.030
	1700/1755 loss:0.030
	loss: 0.030450
test
	100/197 loss:1.736
	loss: 1.593852

Epoch 160/200
----------
train
	100/1755 loss:0.030
	200/1755 loss:0.028
	300/1755 loss:0.030
	400/1755 loss:0.030
	500/1755 loss:0.029
	600/1755 loss:0.030
	700/1755 loss:0.029
	800/1755 loss:0.029
	900/1755 loss:0.030
	1000/1755 loss:0.030
	1100/1755 loss:0.030
	1200/1755 loss:0.030
	1300/1755 loss:0.031
	1400/1755 loss:0.031
	1500/1755 loss:0.030
	1600/1755 loss:0.030
	1700/1755 loss:0.030
	loss: 0.030453
test
	100/197 loss:1.732
	loss: 1.580720

Epoch 161/200
----------
train
	100/1755 loss:0.028
	200/1755 loss:0.027
	300/1755 loss:0.029
	400/1755 loss:0.029
	500/1755 loss:0.029
	600/1755 loss:0.030
	700/1755 loss:0.030
	800/1755 loss:0.030
	900/1755 loss:0.030
	1000/1755 loss:0.030
	1100/1755 loss:0.030
	1200/1755 loss:0.031
	1300/1755 loss:0.031
	1400/1755 loss:0.031
	1500/1755 loss:0.031
	1600/1755 loss:0.031
	1700/1755 loss:0.031
	loss: 0.031247
test
	100/197 loss:1.690
	loss: 1.609482

Epoch 162/200
----------
train
	100/1755 loss:0.029
	200/1755 loss:0.027
	300/1755 loss:0.028
	400/1755 loss:0.028
	500/1755 loss:0.028
	600/1755 loss:0.029
	700/1755 loss:0.029
	800/1755 loss:0.030
	900/1755 loss:0.030
	1000/1755 loss:0.030
	1100/1755 loss:0.030
	1200/1755 loss:0.030
	1300/1755 loss:0.030
	1400/1755 loss:0.030
	1500/1755 loss:0.030
	1600/1755 loss:0.030
	1700/1755 loss:0.030
	loss: 0.030034
test
	100/197 loss:1.734
	loss: 1.610754

Epoch 163/200
----------
train
	100/1755 loss:0.024
	200/1755 loss:0.027
	300/1755 loss:0.028
	400/1755 loss:0.029
	500/1755 loss:0.030
	600/1755 loss:0.030
	700/1755 loss:0.030
	800/1755 loss:0.029
	900/1755 loss:0.030
	1000/1755 loss:0.029
	1100/1755 loss:0.029
	1200/1755 loss:0.029
	1300/1755 loss:0.030
	1400/1755 loss:0.030
	1500/1755 loss:0.030
	1600/1755 loss:0.030
	1700/1755 loss:0.030
	loss: 0.030372
test
	100/197 loss:1.686
	loss: 1.591759

Epoch 164/200
----------
train
	100/1755 loss:0.029
	200/1755 loss:0.028
	300/1755 loss:0.028
	400/1755 loss:0.029
	500/1755 loss:0.030
	600/1755 loss:0.030
	700/1755 loss:0.030
	800/1755 loss:0.030
	900/1755 loss:0.030
	1000/1755 loss:0.031
	1100/1755 loss:0.031
	1200/1755 loss:0.031
	1300/1755 loss:0.031
	1400/1755 loss:0.031
	1500/1755 loss:0.031
	1600/1755 loss:0.031
	1700/1755 loss:0.031
	loss: 0.031391
test
	100/197 loss:1.674
	loss: 1.574906

Epoch 165/200
----------
train
	100/1755 loss:0.033
	200/1755 loss:0.029
	300/1755 loss:0.028
	400/1755 loss:0.028
	500/1755 loss:0.028
	600/1755 loss:0.029
	700/1755 loss:0.030
	800/1755 loss:0.031
	900/1755 loss:0.030
	1000/1755 loss:0.030
	1100/1755 loss:0.030
	1200/1755 loss:0.030
	1300/1755 loss:0.030
	1400/1755 loss:0.030
	1500/1755 loss:0.030
	1600/1755 loss:0.030
	1700/1755 loss:0.031
	loss: 0.030445
test
	100/197 loss:1.703
	loss: 1.586658

Epoch 166/200
----------
train
	100/1755 loss:0.029
	200/1755 loss:0.030
	300/1755 loss:0.030
	400/1755 loss:0.030
	500/1755 loss:0.029
	600/1755 loss:0.029
	700/1755 loss:0.030
	800/1755 loss:0.030
	900/1755 loss:0.030
	1000/1755 loss:0.030
	1100/1755 loss:0.030
	1200/1755 loss:0.030
	1300/1755 loss:0.030
	1400/1755 loss:0.030
	1500/1755 loss:0.030
	1600/1755 loss:0.030
	1700/1755 loss:0.031
	loss: 0.031052
test
	100/197 loss:1.704
	loss: 1.605854

Epoch 167/200
----------
train
	100/1755 loss:0.026
	200/1755 loss:0.026
	300/1755 loss:0.029
	400/1755 loss:0.028
	500/1755 loss:0.028
	600/1755 loss:0.028
	700/1755 loss:0.028
	800/1755 loss:0.028
	900/1755 loss:0.028
	1000/1755 loss:0.028
	1100/1755 loss:0.028
	1200/1755 loss:0.029
	1300/1755 loss:0.029
	1400/1755 loss:0.029
	1500/1755 loss:0.030
	1600/1755 loss:0.030
	1700/1755 loss:0.030
	loss: 0.029761
test
	100/197 loss:1.709
	loss: 1.584873

Epoch 168/200
----------
train
	100/1755 loss:0.029
	200/1755 loss:0.030
	300/1755 loss:0.029
	400/1755 loss:0.030
	500/1755 loss:0.030
	600/1755 loss:0.030
	700/1755 loss:0.030
	800/1755 loss:0.030
	900/1755 loss:0.029
	1000/1755 loss:0.029
	1100/1755 loss:0.029
	1200/1755 loss:0.030
	1300/1755 loss:0.030
	1400/1755 loss:0.030
	1500/1755 loss:0.030
	1600/1755 loss:0.030
	1700/1755 loss:0.030
	loss: 0.029975
test
	100/197 loss:1.706
	loss: 1.590728

Epoch 169/200
----------
train
	100/1755 loss:0.035
	200/1755 loss:0.033
	300/1755 loss:0.033
	400/1755 loss:0.032
	500/1755 loss:0.030
	600/1755 loss:0.030
	700/1755 loss:0.030
	800/1755 loss:0.029
	900/1755 loss:0.030
	1000/1755 loss:0.030
	1100/1755 loss:0.029
	1200/1755 loss:0.030
	1300/1755 loss:0.029
	1400/1755 loss:0.029
	1500/1755 loss:0.030
	1600/1755 loss:0.030
	1700/1755 loss:0.030
	loss: 0.030216
test
	100/197 loss:1.676
	loss: 1.593445

Epoch 170/200
----------
train
	100/1755 loss:0.029
	200/1755 loss:0.029
	300/1755 loss:0.030
	400/1755 loss:0.031
	500/1755 loss:0.030
	600/1755 loss:0.030
	700/1755 loss:0.031
	800/1755 loss:0.030
	900/1755 loss:0.030
	1000/1755 loss:0.030
	1100/1755 loss:0.030
	1200/1755 loss:0.030
	1300/1755 loss:0.030
	1400/1755 loss:0.030
	1500/1755 loss:0.030
	1600/1755 loss:0.030
	1700/1755 loss:0.031
	loss: 0.030629
test
	100/197 loss:1.700
	loss: 1.602169

Epoch 171/200
----------
train
	100/1755 loss:0.038
	200/1755 loss:0.033
	300/1755 loss:0.032
	400/1755 loss:0.032
	500/1755 loss:0.030
	600/1755 loss:0.030
	700/1755 loss:0.030
	800/1755 loss:0.030
	900/1755 loss:0.030
	1000/1755 loss:0.030
	1100/1755 loss:0.030
	1200/1755 loss:0.031
	1300/1755 loss:0.031
	1400/1755 loss:0.032
	1500/1755 loss:0.031
	1600/1755 loss:0.031
	1700/1755 loss:0.031
	loss: 0.031590
test
	100/197 loss:1.780
	loss: 1.618814

Epoch 172/200
----------
train
	100/1755 loss:0.025
	200/1755 loss:0.026
	300/1755 loss:0.027
	400/1755 loss:0.029
	500/1755 loss:0.029
	600/1755 loss:0.028
	700/1755 loss:0.028
	800/1755 loss:0.028
	900/1755 loss:0.029
	1000/1755 loss:0.030
	1100/1755 loss:0.030
	1200/1755 loss:0.030
	1300/1755 loss:0.030
	1400/1755 loss:0.030
	1500/1755 loss:0.030
	1600/1755 loss:0.030
	1700/1755 loss:0.030
	loss: 0.030530
test
	100/197 loss:1.723
	loss: 1.593379

Epoch 173/200
----------
train
	100/1755 loss:0.024
	200/1755 loss:0.029
	300/1755 loss:0.029
	400/1755 loss:0.028
	500/1755 loss:0.028
	600/1755 loss:0.029
	700/1755 loss:0.029
	800/1755 loss:0.029
	900/1755 loss:0.029
	1000/1755 loss:0.030
	1100/1755 loss:0.030
	1200/1755 loss:0.030
	1300/1755 loss:0.030
	1400/1755 loss:0.030
	1500/1755 loss:0.030
	1600/1755 loss:0.030
	1700/1755 loss:0.030
	loss: 0.030496
test
	100/197 loss:1.652
	loss: 1.595255

Epoch 174/200
----------
train
	100/1755 loss:0.033
	200/1755 loss:0.031
	300/1755 loss:0.029
	400/1755 loss:0.029
	500/1755 loss:0.028
	600/1755 loss:0.028
	700/1755 loss:0.028
	800/1755 loss:0.028
	900/1755 loss:0.028
	1000/1755 loss:0.028
	1100/1755 loss:0.028
	1200/1755 loss:0.029
	1300/1755 loss:0.029
	1400/1755 loss:0.029
	1500/1755 loss:0.029
	1600/1755 loss:0.029
	1700/1755 loss:0.030
	loss: 0.029772
test
	100/197 loss:1.662
	loss: 1.588402

Epoch 175/200
----------
train
	100/1755 loss:0.030
	200/1755 loss:0.029
	300/1755 loss:0.028
	400/1755 loss:0.027
	500/1755 loss:0.027
	600/1755 loss:0.028
	700/1755 loss:0.028
	800/1755 loss:0.027
	900/1755 loss:0.028
	1000/1755 loss:0.028
	1100/1755 loss:0.028
	1200/1755 loss:0.029
	1300/1755 loss:0.028
	1400/1755 loss:0.029
	1500/1755 loss:0.029
	1600/1755 loss:0.029
	1700/1755 loss:0.029
	loss: 0.029318
test
	100/197 loss:1.744
	loss: 1.609065

Epoch 176/200
----------
train
	100/1755 loss:0.038
	200/1755 loss:0.033
	300/1755 loss:0.031
	400/1755 loss:0.031
	500/1755 loss:0.031
	600/1755 loss:0.031
	700/1755 loss:0.031
	800/1755 loss:0.031
	900/1755 loss:0.031
	1000/1755 loss:0.031
	1100/1755 loss:0.031
	1200/1755 loss:0.030
	1300/1755 loss:0.030
	1400/1755 loss:0.030
	1500/1755 loss:0.030
	1600/1755 loss:0.030
	1700/1755 loss:0.030
	loss: 0.030015
test
	100/197 loss:1.774
	loss: 1.603824

Epoch 177/200
----------
train
	100/1755 loss:0.026
	200/1755 loss:0.027
	300/1755 loss:0.028
	400/1755 loss:0.030
	500/1755 loss:0.029
	600/1755 loss:0.029
	700/1755 loss:0.029
	800/1755 loss:0.030
	900/1755 loss:0.030
	1000/1755 loss:0.030
	1100/1755 loss:0.030
	1200/1755 loss:0.030
	1300/1755 loss:0.031
	1400/1755 loss:0.031
	1500/1755 loss:0.031
	1600/1755 loss:0.031
	1700/1755 loss:0.031
	loss: 0.030962
test
	100/197 loss:1.745
	loss: 1.610293

Epoch 178/200
----------
train
	100/1755 loss:0.027
	200/1755 loss:0.028
	300/1755 loss:0.029
	400/1755 loss:0.028
	500/1755 loss:0.028
	600/1755 loss:0.029
	700/1755 loss:0.029
	800/1755 loss:0.029
	900/1755 loss:0.029
	1000/1755 loss:0.030
	1100/1755 loss:0.030
	1200/1755 loss:0.030
	1300/1755 loss:0.030
	1400/1755 loss:0.030
	1500/1755 loss:0.029
	1600/1755 loss:0.030
	1700/1755 loss:0.030
	loss: 0.030297
test
	100/197 loss:1.684
	loss: 1.572543

Epoch 179/200
----------
train
	100/1755 loss:0.030
	200/1755 loss:0.028
	300/1755 loss:0.027
	400/1755 loss:0.027
	500/1755 loss:0.028
	600/1755 loss:0.028
	700/1755 loss:0.029
	800/1755 loss:0.029
	900/1755 loss:0.030
	1000/1755 loss:0.030
	1100/1755 loss:0.031
	1200/1755 loss:0.030
	1300/1755 loss:0.030
	1400/1755 loss:0.030
	1500/1755 loss:0.030
	1600/1755 loss:0.030
	1700/1755 loss:0.030
	loss: 0.030307
test
	100/197 loss:1.643
	loss: 1.590717

Epoch 180/200
----------
train
	100/1755 loss:0.032
	200/1755 loss:0.030
	300/1755 loss:0.028
	400/1755 loss:0.028
	500/1755 loss:0.028
	600/1755 loss:0.028
	700/1755 loss:0.029
	800/1755 loss:0.029
	900/1755 loss:0.029
	1000/1755 loss:0.029
	1100/1755 loss:0.029
	1200/1755 loss:0.029
	1300/1755 loss:0.029
	1400/1755 loss:0.029
	1500/1755 loss:0.030
	1600/1755 loss:0.030
	1700/1755 loss:0.030
	loss: 0.030228
test
	100/197 loss:1.750
	loss: 1.603739

Epoch 181/200
----------
train
	100/1755 loss:0.028
	200/1755 loss:0.029
	300/1755 loss:0.028
	400/1755 loss:0.028
	500/1755 loss:0.028
	600/1755 loss:0.029
	700/1755 loss:0.030
	800/1755 loss:0.030
	900/1755 loss:0.030
	1000/1755 loss:0.030
	1100/1755 loss:0.030
	1200/1755 loss:0.030
	1300/1755 loss:0.030
	1400/1755 loss:0.030
	1500/1755 loss:0.030
	1600/1755 loss:0.030
	1700/1755 loss:0.030
	loss: 0.030587
test
	100/197 loss:1.671
	loss: 1.599636

Epoch 182/200
----------
train
	100/1755 loss:0.030
	200/1755 loss:0.029
	300/1755 loss:0.029
	400/1755 loss:0.029
	500/1755 loss:0.029
	600/1755 loss:0.028
	700/1755 loss:0.029
	800/1755 loss:0.029
	900/1755 loss:0.030
	1000/1755 loss:0.030
	1100/1755 loss:0.031
	1200/1755 loss:0.031
	1300/1755 loss:0.032
	1400/1755 loss:0.032
	1500/1755 loss:0.032
	1600/1755 loss:0.032
	1700/1755 loss:0.032
	loss: 0.032147
test
	100/197 loss:1.705
	loss: 1.577927

Epoch 183/200
----------
train
	100/1755 loss:0.030
	200/1755 loss:0.028
	300/1755 loss:0.030
	400/1755 loss:0.030
	500/1755 loss:0.029
	600/1755 loss:0.029
	700/1755 loss:0.030
	800/1755 loss:0.030
	900/1755 loss:0.030
	1000/1755 loss:0.029
	1100/1755 loss:0.029
	1200/1755 loss:0.030
	1300/1755 loss:0.030
	1400/1755 loss:0.031
	1500/1755 loss:0.031
	1600/1755 loss:0.031
	1700/1755 loss:0.031
	loss: 0.031424
test
	100/197 loss:1.724
	loss: 1.596936

Epoch 184/200
----------
train
	100/1755 loss:0.031
	200/1755 loss:0.028
	300/1755 loss:0.027
	400/1755 loss:0.028
	500/1755 loss:0.028
	600/1755 loss:0.028
	700/1755 loss:0.028
	800/1755 loss:0.029
	900/1755 loss:0.028
	1000/1755 loss:0.029
	1100/1755 loss:0.029
	1200/1755 loss:0.029
	1300/1755 loss:0.029
	1400/1755 loss:0.029
	1500/1755 loss:0.029
	1600/1755 loss:0.029
	1700/1755 loss:0.030
	loss: 0.029875
test
	100/197 loss:1.734
	loss: 1.617745

Epoch 185/200
----------
train
	100/1755 loss:0.029
	200/1755 loss:0.031
	300/1755 loss:0.030
	400/1755 loss:0.029
	500/1755 loss:0.029
	600/1755 loss:0.028
	700/1755 loss:0.028
	800/1755 loss:0.029
	900/1755 loss:0.030
	1000/1755 loss:0.029
	1100/1755 loss:0.030
	1200/1755 loss:0.030
	1300/1755 loss:0.031
	1400/1755 loss:0.031
	1500/1755 loss:0.031
	1600/1755 loss:0.031
	1700/1755 loss:0.031
	loss: 0.031344
test
	100/197 loss:1.691
	loss: 1.604198

Epoch 186/200
----------
train
	100/1755 loss:0.028
	200/1755 loss:0.027
	300/1755 loss:0.028
	400/1755 loss:0.029
	500/1755 loss:0.030
	600/1755 loss:0.029
	700/1755 loss:0.029
	800/1755 loss:0.029
	900/1755 loss:0.029
	1000/1755 loss:0.029
	1100/1755 loss:0.029
	1200/1755 loss:0.029
	1300/1755 loss:0.030
	1400/1755 loss:0.030
	1500/1755 loss:0.030
	1600/1755 loss:0.030
	1700/1755 loss:0.030
	loss: 0.030417
test
	100/197 loss:1.728
	loss: 1.614947

Epoch 187/200
----------
train
	100/1755 loss:0.028
	200/1755 loss:0.026
	300/1755 loss:0.027
	400/1755 loss:0.027
	500/1755 loss:0.028
	600/1755 loss:0.028
	700/1755 loss:0.027
	800/1755 loss:0.027
	900/1755 loss:0.027
	1000/1755 loss:0.028
	1100/1755 loss:0.029
	1200/1755 loss:0.029
	1300/1755 loss:0.029
	1400/1755 loss:0.029
	1500/1755 loss:0.029
	1600/1755 loss:0.030
	1700/1755 loss:0.031
	loss: 0.030719
test
	100/197 loss:1.717
	loss: 1.612329

Epoch 188/200
----------
train
	100/1755 loss:0.031
	200/1755 loss:0.030
	300/1755 loss:0.030
	400/1755 loss:0.030
	500/1755 loss:0.029
	600/1755 loss:0.029
	700/1755 loss:0.029
	800/1755 loss:0.029
	900/1755 loss:0.029
	1000/1755 loss:0.030
	1100/1755 loss:0.030
	1200/1755 loss:0.030
	1300/1755 loss:0.030
	1400/1755 loss:0.030
	1500/1755 loss:0.030
	1600/1755 loss:0.030
	1700/1755 loss:0.030
	loss: 0.030535
test
	100/197 loss:1.669
	loss: 1.595250

Epoch 189/200
----------
train
	100/1755 loss:0.028
	200/1755 loss:0.026
	300/1755 loss:0.027
	400/1755 loss:0.027
	500/1755 loss:0.028
	600/1755 loss:0.029
	700/1755 loss:0.029
	800/1755 loss:0.029
	900/1755 loss:0.029
	1000/1755 loss:0.030
	1100/1755 loss:0.029
	1200/1755 loss:0.030
	1300/1755 loss:0.030
	1400/1755 loss:0.030
	1500/1755 loss:0.030
	1600/1755 loss:0.030
	1700/1755 loss:0.030
	loss: 0.030420
test
	100/197 loss:1.692
	loss: 1.609436

Epoch 190/200
----------
train
	100/1755 loss:0.027
	200/1755 loss:0.026
	300/1755 loss:0.026
	400/1755 loss:0.026
	500/1755 loss:0.027
	600/1755 loss:0.027
	700/1755 loss:0.028
	800/1755 loss:0.028
	900/1755 loss:0.028
	1000/1755 loss:0.028
	1100/1755 loss:0.029
	1200/1755 loss:0.029
	1300/1755 loss:0.029
	1400/1755 loss:0.030
	1500/1755 loss:0.030
	1600/1755 loss:0.030
	1700/1755 loss:0.030
	loss: 0.029734
test
	100/197 loss:1.683
	loss: 1.601136

Epoch 191/200
----------
train
	100/1755 loss:0.029
	200/1755 loss:0.031
	300/1755 loss:0.032
	400/1755 loss:0.030
	500/1755 loss:0.030
	600/1755 loss:0.030
	700/1755 loss:0.030
	800/1755 loss:0.030
	900/1755 loss:0.030
	1000/1755 loss:0.030
	1100/1755 loss:0.029
	1200/1755 loss:0.030
	1300/1755 loss:0.030
	1400/1755 loss:0.030
	1500/1755 loss:0.030
	1600/1755 loss:0.030
	1700/1755 loss:0.030
	loss: 0.030317
test
	100/197 loss:1.686
	loss: 1.634374

Epoch 192/200
----------
train
	100/1755 loss:0.025
	200/1755 loss:0.025
	300/1755 loss:0.028
	400/1755 loss:0.029
	500/1755 loss:0.029
	600/1755 loss:0.029
	700/1755 loss:0.030
	800/1755 loss:0.030
	900/1755 loss:0.030
	1000/1755 loss:0.030
	1100/1755 loss:0.030
	1200/1755 loss:0.031
	1300/1755 loss:0.031
	1400/1755 loss:0.031
	1500/1755 loss:0.031
	1600/1755 loss:0.031
	1700/1755 loss:0.031
	loss: 0.030933
test
	100/197 loss:1.778
	loss: 1.617969

Epoch 193/200
----------
train
	100/1755 loss:0.029
	200/1755 loss:0.028
	300/1755 loss:0.028
	400/1755 loss:0.028
	500/1755 loss:0.029
	600/1755 loss:0.028
	700/1755 loss:0.028
	800/1755 loss:0.028
	900/1755 loss:0.028
	1000/1755 loss:0.028
	1100/1755 loss:0.029
	1200/1755 loss:0.030
	1300/1755 loss:0.030
	1400/1755 loss:0.030
	1500/1755 loss:0.031
	1600/1755 loss:0.031
	1700/1755 loss:0.031
	loss: 0.031138
test
	100/197 loss:1.725
	loss: 1.620470

Epoch 194/200
----------
train
	100/1755 loss:0.031
	200/1755 loss:0.027
	300/1755 loss:0.029
	400/1755 loss:0.030
	500/1755 loss:0.030
	600/1755 loss:0.030
	700/1755 loss:0.030
	800/1755 loss:0.029
	900/1755 loss:0.029
	1000/1755 loss:0.029
	1100/1755 loss:0.030
	1200/1755 loss:0.030
	1300/1755 loss:0.030
	1400/1755 loss:0.031
	1500/1755 loss:0.030
	1600/1755 loss:0.031
	1700/1755 loss:0.031
	loss: 0.030688
test
	100/197 loss:1.657
	loss: 1.609322

Epoch 195/200
----------
train
	100/1755 loss:0.028
	200/1755 loss:0.030
	300/1755 loss:0.031
	400/1755 loss:0.032
	500/1755 loss:0.032
	600/1755 loss:0.031
	700/1755 loss:0.030
	800/1755 loss:0.030
	900/1755 loss:0.030
	1000/1755 loss:0.030
	1100/1755 loss:0.030
	1200/1755 loss:0.030
	1300/1755 loss:0.031
	1400/1755 loss:0.030
	1500/1755 loss:0.031
	1600/1755 loss:0.031
	1700/1755 loss:0.031
	loss: 0.030760
test
	100/197 loss:1.655
	loss: 1.629572

Epoch 196/200
----------
train
	100/1755 loss:0.025
	200/1755 loss:0.026
	300/1755 loss:0.026
	400/1755 loss:0.026
	500/1755 loss:0.027
	600/1755 loss:0.028
	700/1755 loss:0.029
	800/1755 loss:0.030
	900/1755 loss:0.030
	1000/1755 loss:0.031
	1100/1755 loss:0.031
	1200/1755 loss:0.031
	1300/1755 loss:0.031
	1400/1755 loss:0.031
	1500/1755 loss:0.031
	1600/1755 loss:0.032
	1700/1755 loss:0.032
	loss: 0.031697
test
	100/197 loss:1.726
	loss: 1.592215

Epoch 197/200
----------
train
	100/1755 loss:0.026
	200/1755 loss:0.025
	300/1755 loss:0.027
	400/1755 loss:0.027
	500/1755 loss:0.028
	600/1755 loss:0.029
	700/1755 loss:0.029
	800/1755 loss:0.029
	900/1755 loss:0.030
	1000/1755 loss:0.030
	1100/1755 loss:0.030
	1200/1755 loss:0.030
	1300/1755 loss:0.030
	1400/1755 loss:0.030
	1500/1755 loss:0.030
	1600/1755 loss:0.030
	1700/1755 loss:0.031
	loss: 0.030522
test
	100/197 loss:1.721
	loss: 1.599452

Epoch 198/200
----------
train
	100/1755 loss:0.024
	200/1755 loss:0.025
	300/1755 loss:0.026
	400/1755 loss:0.027
	500/1755 loss:0.027
	600/1755 loss:0.027
	700/1755 loss:0.028
	800/1755 loss:0.028
	900/1755 loss:0.029
	1000/1755 loss:0.029
	1100/1755 loss:0.030
	1200/1755 loss:0.030
	1300/1755 loss:0.031
	1400/1755 loss:0.031
	1500/1755 loss:0.031
	1600/1755 loss:0.031
	1700/1755 loss:0.032
	loss: 0.032163
test
	100/197 loss:1.718
	loss: 1.602526

Epoch 199/200
----------
train
	100/1755 loss:0.029
	200/1755 loss:0.031
	300/1755 loss:0.032
	400/1755 loss:0.031
	500/1755 loss:0.031
	600/1755 loss:0.030
	700/1755 loss:0.031
	800/1755 loss:0.031
	900/1755 loss:0.030
	1000/1755 loss:0.030
	1100/1755 loss:0.030
	1200/1755 loss:0.030
	1300/1755 loss:0.031
	1400/1755 loss:0.031
	1500/1755 loss:0.030
	1600/1755 loss:0.031
	1700/1755 loss:0.031
	loss: 0.030599
test
	100/197 loss:1.718
	loss: 1.579451

Epoch 200/200
----------
train
	100/1755 loss:0.028
	200/1755 loss:0.029
	300/1755 loss:0.028
	400/1755 loss:0.028
	500/1755 loss:0.027
	600/1755 loss:0.026
	700/1755 loss:0.026
	800/1755 loss:0.026
	900/1755 loss:0.026
	1000/1755 loss:0.026
	1100/1755 loss:0.027
	1200/1755 loss:0.026
	1300/1755 loss:0.026
	1400/1755 loss:0.026
	1500/1755 loss:0.026
	1600/1755 loss:0.026
	1700/1755 loss:0.026
	loss: 0.025498
test
	100/197 loss:1.749
	loss: 1.576766
Training complete in 495m 38s
